<testsuites id="" name="" tests="1" failures="0" skipped="0" errors="0" time="29.964049999999997">
<testsuite name="offline-mode.spec.ts" timestamp="2025-11-20T12:29:27.160Z" hostname="chromium" tests="1" failures="0" skipped="0" time="23.347" errors="0">
<testcase name="Phase 9: Offline Mode 완전한 게임 플로우" classname="offline-mode.spec.ts" time="23.347">
<system-out>
<![CDATA[
========== Phase 9: Offline Mode 테스트 시작 ==========

📍 STEP 1: 메인 페이지 진입
[BROWSER] WARNING: cdn.tailwindcss.com should not be used in production. To use Tailwind CSS in production, install it as a PostCSS plugin or use the Tailwind CLI: https://tailwindcss.com/docs/installation
[BROWSER] DEBUG: [vite] connecting...
[BROWSER] DEBUG: [vite] connected.
[BROWSER] INFO: %cDownload the React DevTools for a better development experience: https://react.dev/link/react-devtools font-weight:bold
[BROWSER] LOG: [App.renderScreen] currentScreen=MainMenu
[BROWSER] LOG: [App.renderScreen] Rendering MainMenu
  ✅ 로드 완료: 1905ms
  ✅ "Arcade Clash" 제목 표시됨

📍 STEP 2: "Offline Mode" 클릭
  ✅ "Offline Mode" 버튼 발견
  📸 메인 메뉴 스크린샷 저장
[BROWSER] LOG: Navigating from MainMenu to CharacterSelect
[BROWSER] LOG: [App.renderScreen] currentScreen=CharacterSelect
  ✅ "Offline Mode" 클릭됨
  ⏳ 캐릭터 선택 화면으로 이동 중...

📍 STEP 3: 캐릭터 2개 선택
  ✅ "Select Your Fighter" 화면 표시됨
  🦴 감지된 캐릭터: 8개
  ✅ Player 1 선택: Ryu
[BROWSER] LOG: [App] Character selection complete: Ryu vs Chun-Li
[BROWSER] LOG: [App] Setting selectedPlayer1: {id: 1, name: Ryu, description: A wandering martial artist seeking true strength., image: https://lh3.googleusercontent.com/aida-public/AB6A…qXXd_wxbSz46H9te1d2p6udmUt311DbMzF7WOT_T3qu0okmLw, thumbnail: https://lh3.googleusercontent.com/aida-public/AB6A…qXXd_wxbSz46H9te1d2p6udmUt311DbMzF7WOT_T3qu0okmLw}
[BROWSER] LOG: [App] Setting selectedPlayer2: {id: 2, name: Chun-Li, description: A skilled Interpol officer with lightning-fast kicks., image: https://lh3.googleusercontent.com/aida-public/AB6A…Tj_nWCK_KClEoh1bjiHHp9Qldhud1OVbeXy5H3BA2kh7M5cXN, thumbnail: https://lh3.googleusercontent.com/aida-public/AB6A…Tj_nWCK_KClEoh1bjiHHp9Qldhud1OVbeXy5H3BA2kh7M5cXN}
[BROWSER] LOG: [App.renderScreen] currentScreen=GameScreen
[BROWSER] LOG: [App.renderScreen] CASE GameScreen - selectedPlayer1=Ryu, selectedPlayer2=Chun-Li
[BROWSER] LOG: [App.renderScreen] RETURNING GameScreen component
[BROWSER] LOG: [App.renderScreen] GameScreen component created: {$$typeof: Symbol(react.transitional.element), type: , key: null, props: Object, _owner: FiberNode}
[BROWSER] LOG: [GameScreen] Initial gameState: {timer: 99, players: Array(2)}
[BROWSER] LOG: [Game3D] Creating renderer with size: 1280x600
[BROWSER] LOG: [Game3D] Container rect: DOMRect
[BROWSER] LOG: [CharacterRenderer] Scene background color: 0x1a1a2e
[BROWSER] LOG: [Game3D] Loading character: ryu from /models/remy.fbx
[BROWSER] WARNING: [GroupMarkerNotSet(crbug.com/242999)!:A070290014370000]Automatic fallback to software WebGL has been deprecated. Please use the --enable-unsafe-swiftshader (about:flags#enable-unsafe-swiftshader) flag to opt in to lower security guarantees for trusted content.
[BROWSER] WARNING: [.WebGL-0x1ec00142800]GL Driver Message (OpenGL, Performance, GL_CLOSE_PATH_NV, High): GPU stall due to ReadPixels
  ✅ Player 2 선택: Chun-Li
  📸 캐릭터 선택 화면 스크린샷 저장

📍 STEP 4: 게임 화면 진입
[BROWSER] WARNING: [Game3D] NO ASSET for ryu. Available: []
[BROWSER] WARNING: THREE.FBXLoader: %s map is not supported in three.js, skipping texture. ShininessExponent
[BROWSER] WARNING: THREE.FBXLoader: %s map is not supported in three.js, skipping texture. ShininessExponent
[BROWSER] WARNING: THREE.FBXLoader: %s map is not supported in three.js, skipping texture. ShininessExponent
[BROWSER] WARNING: THREE.FBXLoader: %s map is not supported in three.js, skipping texture. ShininessExponent
[BROWSER] WARNING: THREE.FBXLoader: %s map is not supported in three.js, skipping texture. ShininessExponent
[BROWSER] WARNING: THREE.FBXLoader: %s map is not supported in three.js, skipping texture. ShininessExponent
[BROWSER] WARNING: THREE.FBXLoader: Vertex has more than 4 skinning weights assigned to vertex. Deleting additional weights.
[BROWSER] WARNING: THREE.FBXLoader: Vertex has more than 4 skinning weights assigned to vertex. Deleting additional weights.
[BROWSER] WARNING: THREE.FBXLoader: Vertex has more than 4 skinning weights assigned to vertex. Deleting additional weights.
[BROWSER] LOG: [Game3D] Auto-mapping bones for ryu...
[BROWSER] LOG: [BoneMapper] Mapped: mixamorigNeck → Neck
[BROWSER] LOG: [BoneMapper] Mapped: mixamorigHead → Head
[BROWSER] LOG: [BoneMapper] Mapped: mixamorigHeadTop_End → Head
[BROWSER] WARNING: [BoneMapper] Failed to auto-map bone: mixamorigRightEye
[BROWSER] WARNING: [BoneMapper] Failed to auto-map bone: mixamorigLeftEye
[BROWSER] LOG: [BoneMapper] Mapping complete: 3/5 (60.0%)
[BROWSER] LOG: [BoneMapper] Applied 3/3 bone name mappings
[BROWSER] WARNING: [BoneMapper] Validation failed. Missing bones: Hips, Spine, LeftArm, RightArm, LeftLeg, RightLeg
[BROWSER] WARNING: [Game3D] Bone validation failed for ryu
[BROWSER] LOG: [CharacterRenderer] Mesh size: 19.13 x 7.08 x 7.10
[BROWSER] LOG: [CharacterRenderer] Mesh bounds: -8.58, 346.63, 14.44 ~ 10.55, 353.70, 21.54
[BROWSER] LOG: [CharacterRenderer] Applied scale: 28.26x
[BROWSER] LOG: [CharacterRenderer] Centered mesh at Y=0, offset: -9895.61
[BROWSER] LOG: [CharacterRenderer] Loaded 5 bones
[BROWSER] LOG: [CharacterRenderer] Sample bones: Neck, Head, Head, mixamorigRightEye, mixamorigLeftEye
[BROWSER] LOG: [Game3D] ✅ Loaded character: ryu
[BROWSER] LOG: [Game3D] Loading character: chun-li from /models/remy.fbx
[BROWSER] LOG: [Game3D] Loading ryu: undefined/undefined
[BROWSER] LOG: [Game3D] Loading ryu: undefined/undefined
[BROWSER] LOG: [Game3D] Loading ryu: undefined/undefined
[BROWSER] LOG: [Game3D] Loading ryu: undefined/undefined
[BROWSER] LOG: [Game3D] Loading ryu: undefined/undefined
[BROWSER] LOG: [Game3D] Loading ryu: undefined/undefined
[BROWSER] LOG: [Game3D] Loading ryu: undefined/undefined
[BROWSER] LOG: [Game3D] Loading ryu: undefined/undefined
[BROWSER] LOG: [Game3D] Loading ryu: undefined/undefined
[BROWSER] LOG: [Game3D] Loading ryu: undefined/undefined
[BROWSER] LOG: [Game3D] Loading ryu: undefined/undefined
[BROWSER] LOG: [Game3D] Loading ryu: undefined/undefined
[BROWSER] LOG: [Game3D] Loading ryu: undefined/undefined
[BROWSER] LOG: [Game3D] Loading ryu: undefined/undefined
[BROWSER] LOG: [Game3D] Loading ryu: undefined/undefined
[BROWSER] LOG: [Game3D] Loading ryu: undefined/undefined
[BROWSER] LOG: [Game3D] Loading ryu: undefined/undefined
[BROWSER] LOG: [Game3D] Loading ryu: undefined/undefined
[BROWSER] LOG: [Game3D] Loading ryu: undefined/undefined
[BROWSER] LOG: [Game3D] Loading ryu: undefined/undefined
[BROWSER] LOG: [Game3D] Loading ryu: undefined/undefined
[BROWSER] LOG: [Game3D] Loading ryu: undefined/undefined
[BROWSER] LOG: [Game3D] Loading ryu: undefined/undefined
[BROWSER] LOG: [Game3D] Loading ryu: undefined/undefined
[BROWSER] LOG: [Game3D] Loading ryu: undefined/undefined
[BROWSER] LOG: [Game3D] Loading ryu: undefined/undefined
[BROWSER] LOG: [Game3D] Loading ryu: undefined/undefined
[BROWSER] WARNING: THREE.FBXLoader: %s map is not supported in three.js, skipping texture. ShininessExponent
[BROWSER] WARNING: THREE.FBXLoader: %s map is not supported in three.js, skipping texture. ShininessExponent
[BROWSER] WARNING: THREE.FBXLoader: %s map is not supported in three.js, skipping texture. ShininessExponent
[BROWSER] WARNING: THREE.FBXLoader: %s map is not supported in three.js, skipping texture. ShininessExponent
[BROWSER] WARNING: THREE.FBXLoader: %s map is not supported in three.js, skipping texture. ShininessExponent
[BROWSER] WARNING: THREE.FBXLoader: %s map is not supported in three.js, skipping texture. ShininessExponent
[BROWSER] WARNING: THREE.FBXLoader: Vertex has more than 4 skinning weights assigned to vertex. Deleting additional weights.
[BROWSER] WARNING: THREE.FBXLoader: Vertex has more than 4 skinning weights assigned to vertex. Deleting additional weights.
[BROWSER] WARNING: THREE.FBXLoader: Vertex has more than 4 skinning weights assigned to vertex. Deleting additional weights.
[BROWSER] LOG: [Game3D] Auto-mapping bones for chun-li...
[BROWSER] LOG: [BoneMapper] Mapped: mixamorigNeck → Neck
[BROWSER] LOG: [BoneMapper] Mapped: mixamorigHead → Head
[BROWSER] LOG: [BoneMapper] Mapped: mixamorigHeadTop_End → Head
[BROWSER] WARNING: [BoneMapper] Failed to auto-map bone: mixamorigRightEye
[BROWSER] WARNING: [BoneMapper] Failed to auto-map bone: mixamorigLeftEye
[BROWSER] LOG: [BoneMapper] Mapping complete: 3/5 (60.0%)
[BROWSER] LOG: [BoneMapper] Applied 3/3 bone name mappings
[BROWSER] WARNING: [BoneMapper] Validation failed. Missing bones: Hips, Spine, LeftArm, RightArm, LeftLeg, RightLeg
[BROWSER] WARNING: [Game3D] Bone validation failed for chun-li
[BROWSER] LOG: [CharacterRenderer] Mesh size: 19.13 x 7.08 x 7.10
[BROWSER] LOG: [CharacterRenderer] Mesh bounds: -8.58, 346.63, 14.44 ~ 10.55, 353.70, 21.54
[BROWSER] LOG: [CharacterRenderer] Applied scale: 28.26x
[BROWSER] LOG: [CharacterRenderer] Centered mesh at Y=0, offset: -9895.61
[BROWSER] LOG: [CharacterRenderer] Loaded 5 bones
[BROWSER] LOG: [CharacterRenderer] Sample bones: Neck, Head, Head, mixamorigRightEye, mixamorigLeftEye
[BROWSER] LOG: [Game3D] ✅ Loaded character: chun-li
[BROWSER] LOG: [Game3D] BEFORE animation loop start - Assets in ref: ryu, chun-li (count: 2)
[BROWSER] LOG:   └─ ryu: mesh=YES, position=(-3.00, 0.00, -2.00)
[BROWSER] LOG:   └─ chun-li: mesh=YES, position=(0.00, -9895.61, 0.00)
[BROWSER] LOG: [Game3D] Animation loop started with 2 valid mixer(s)
[BROWSER] LOG: [Game3D] AFTER animation loop start - Assets in ref: ryu, chun-li (count: 2)
[BROWSER] LOG:   └─ ryu: mesh=YES, position=(-3.00, 0.00, -2.00)
[BROWSER] LOG:   └─ chun-li: mesh=YES, position=(3.00, 0.00, 2.00)
[BROWSER] LOG: [Game3D] Total load time: 1345.70ms
[BROWSER] LOG: [Game3D] Loading chun-li: undefined/undefined
[BROWSER] LOG: [Game3D] Loading chun-li: undefined/undefined
[BROWSER] LOG: [Game3D] Loading chun-li: undefined/undefined
[BROWSER] LOG: [Game3D] Loading chun-li: undefined/undefined
[BROWSER] LOG: [Game3D] Loading chun-li: undefined/undefined
[BROWSER] LOG: [Game3D] Loading chun-li: undefined/undefined
[BROWSER] LOG: [Game3D] Loading chun-li: undefined/undefined
[BROWSER] LOG: [Game3D] Loading chun-li: undefined/undefined
[BROWSER] LOG: [Game3D] Loading chun-li: undefined/undefined
[BROWSER] LOG: [Game3D] Loading chun-li: undefined/undefined
[BROWSER] LOG: [Game3D] Loading chun-li: undefined/undefined
[BROWSER] LOG: [Game3D] Loading chun-li: undefined/undefined
[BROWSER] LOG: [Game3D] Loading chun-li: undefined/undefined
[BROWSER] LOG: [Game3D] Loading chun-li: undefined/undefined
[BROWSER] LOG: [Game3D] Loading chun-li: undefined/undefined
[BROWSER] LOG: [Game3D] Loading chun-li: undefined/undefined
[BROWSER] LOG: [Game3D] Loading chun-li: undefined/undefined
[BROWSER] LOG: [Game3D] Loading chun-li: undefined/undefined
[BROWSER] LOG: [Game3D] Loading chun-li: undefined/undefined
[BROWSER] LOG: [Game3D] Loading chun-li: undefined/undefined
[BROWSER] LOG: [Game3D] Loading chun-li: undefined/undefined
[BROWSER] LOG: [Game3D] Loading chun-li: undefined/undefined
[BROWSER] LOG: [Game3D] Loading chun-li: undefined/undefined
[BROWSER] LOG: [Game3D] Loading chun-li: undefined/undefined
[BROWSER] LOG: [Game3D] Loading chun-li: undefined/undefined
[BROWSER] LOG: [Game3D] Loading chun-li: undefined/undefined
[BROWSER] LOG: [Game3D] Loading chun-li: undefined/undefined
[BROWSER] WARNING: [.WebGL-0x1ec00142800]GL Driver Message (OpenGL, Performance, GL_CLOSE_PATH_NV, High): GPU stall due to ReadPixels
[BROWSER] WARNING: [.WebGL-0x1ec00142800]GL Driver Message (OpenGL, Performance, GL_CLOSE_PATH_NV, High): GPU stall due to ReadPixels
[BROWSER] WARNING: [.WebGL-0x1ec00142800]GL Driver Message (OpenGL, Performance, GL_CLOSE_PATH_NV, High): GPU stall due to ReadPixels (this message will no longer repeat)
  ✅ Character Info Bar: 표시됨
  ✅ Player 1 레이블: 표시됨
  ✅ Player 2 레이블: 표시됨
  ⚠️ HUD: 미표시
  🎨 캔버스 요소: 1개
  🎮 Character 1 (Ryu) DOM 요소: 0개
  🎮 Character 2 (Ken) DOM 요소: 0개
  📦 Style이 있는 div 요소: 4개
[BROWSER] LOG: [Game3D] UPDATE ryu: pos(-3.00, 0, -2), health=100, action=idle
  📸 게임 화면 스크린샷 저장

📍 STEP 5: 게임 플레이 (15초 렌더링)
  ▶️  게임 렌더링 중...
[BROWSER] LOG: [Game3D] UPDATE ryu: pos(-3.00, 0, -2), health=100, action=idle
[BROWSER] LOG: [Game3D] UPDATE ryu: pos(-3.00, 0, -2), health=100, action=idle
[BROWSER] LOG: [Game3D] UPDATE ryu: pos(-3.00, 0, -2), health=100, action=idle
[BROWSER] LOG: [Game3D] UPDATE ryu: pos(-3.00, 0, -2), health=100, action=idle
[BROWSER] LOG: [Game3D] UPDATE ryu: pos(-3.00, 0, -2), health=100, action=idle
[BROWSER] LOG: [Game3D] UPDATE ryu: pos(-3.00, 0, -2), health=100, action=idle
[BROWSER] LOG: [Game3D] UPDATE ryu: pos(-3.00, 0, -2), health=100, action=idle
[BROWSER] LOG: [Game3D] UPDATE ryu: pos(-3.00, 0, -2), health=100, action=idle
[BROWSER] LOG: [Game3D] UPDATE ryu: pos(-3.00, 0, -2), health=100, action=idle
[BROWSER] LOG: [Game3D] UPDATE ryu: pos(-3.00, 0, -2), health=100, action=idle
[BROWSER] LOG: [Game3D] UPDATE ryu: pos(-3.00, 0, -2), health=100, action=idle
[BROWSER] LOG: [Game3D] UPDATE ryu: pos(-3.00, 0, -2), health=100, action=idle
[BROWSER] LOG: [Game3D] UPDATE ryu: pos(-3.00, 0, -2), health=100, action=idle
[BROWSER] LOG: [Game3D] UPDATE ryu: pos(-3.00, 0, -2), health=100, action=idle
[BROWSER] LOG: [Game3D] UPDATE ryu: pos(-3.00, 0, -2), health=100, action=idle
[BROWSER] LOG: [Game3D] UPDATE ryu: pos(-3.00, 0, -2), health=100, action=idle
[BROWSER] LOG: [Game3D] UPDATE ryu: pos(-3.00, 0, -2), health=100, action=idle
[BROWSER] LOG: [Game3D] UPDATE ryu: pos(-3.00, 0, -2), health=100, action=idle
[BROWSER] LOG: [Game3D] UPDATE ryu: pos(-3.00, 0, -2), health=100, action=idle
[BROWSER] LOG: [Game3D] UPDATE ryu: pos(-3.00, 0, -2), health=100, action=idle
[BROWSER] LOG: [Game3D] UPDATE ryu: pos(-3.00, 0, -2), health=100, action=idle
[BROWSER] LOG: [Game3D] UPDATE ryu: pos(-3.00, 0, -2), health=100, action=idle
[BROWSER] LOG: [Game3D] UPDATE ryu: pos(-3.00, 0, -2), health=100, action=idle
[BROWSER] LOG: [Game3D] UPDATE ryu: pos(-3.00, 0, -2), health=100, action=idle
[BROWSER] LOG: [Game3D] UPDATE ryu: pos(-3.00, 0, -2), health=100, action=idle
[BROWSER] LOG: [Game3D] UPDATE ryu: pos(-3.00, 0, -2), health=100, action=idle
[BROWSER] LOG: [Game3D] UPDATE ryu: pos(-3.00, 0, -2), health=100, action=idle
[BROWSER] LOG: [Game3D] UPDATE ryu: pos(-3.00, 0, -2), health=100, action=idle
[BROWSER] LOG: [Game3D] UPDATE ryu: pos(-3.00, 0, -2), health=100, action=idle
[BROWSER] LOG: [Game3D] UPDATE ryu: pos(-3.00, 0, -2), health=100, action=idle
[BROWSER] LOG: [Game3D] UPDATE ryu: pos(-3.00, 0, -2), health=100, action=idle
[BROWSER] LOG: [Game3D] UPDATE ryu: pos(-3.00, 0, -2), health=100, action=idle
[BROWSER] LOG: [Game3D] UPDATE ryu: pos(-3.00, 0, -2), health=100, action=idle
[BROWSER] LOG: [Game3D] UPDATE ryu: pos(-3.00, 0, -2), health=100, action=idle
[BROWSER] LOG: [Game3D] UPDATE ryu: pos(-3.00, 0, -2), health=100, action=idle
[BROWSER] LOG: [Game3D] UPDATE ryu: pos(-3.00, 0, -2), health=100, action=idle
[BROWSER] LOG: [Game3D] UPDATE ryu: pos(-3.00, 0, -2), health=100, action=idle
[BROWSER] LOG: [Game3D] UPDATE ryu: pos(-3.00, 0, -2), health=100, action=idle
[BROWSER] LOG: [Game3D] UPDATE ryu: pos(-3.00, 0, -2), health=100, action=idle
[BROWSER] LOG: [Game3D] UPDATE ryu: pos(-3.00, 0, -2), health=100, action=idle
[BROWSER] LOG: [Game3D] UPDATE ryu: pos(-3.00, 0, -2), health=100, action=idle
[BROWSER] LOG: [Game3D] UPDATE ryu: pos(-3.00, 0, -2), health=100, action=idle
[BROWSER] LOG: [Game3D] UPDATE ryu: pos(-3.00, 0, -2), health=100, action=idle
[BROWSER] LOG: [Game3D] UPDATE ryu: pos(-3.00, 0, -2), health=100, action=idle
[BROWSER] LOG: [Game3D] UPDATE ryu: pos(-3.00, 0, -2), health=100, action=idle
[BROWSER] LOG: [Game3D] UPDATE ryu: pos(-3.00, 0, -2), health=100, action=idle
[BROWSER] LOG: [Game3D] UPDATE ryu: pos(-3.00, 0, -2), health=100, action=idle
[BROWSER] LOG: [Game3D] UPDATE ryu: pos(-3.00, 0, -2), health=100, action=idle
[BROWSER] LOG: [Game3D] UPDATE ryu: pos(-3.00, 0, -2), health=100, action=idle
[BROWSER] LOG: [Game3D] UPDATE ryu: pos(-3.00, 0, -2), health=100, action=idle
[BROWSER] LOG: [Game3D] UPDATE ryu: pos(-3.00, 0, -2), health=100, action=idle
[BROWSER] LOG: [Game3D] UPDATE ryu: pos(-3.00, 0, -2), health=100, action=idle
[BROWSER] LOG: [Game3D] UPDATE ryu: pos(-3.00, 0, -2), health=100, action=idle
[BROWSER] LOG: [Game3D] UPDATE ryu: pos(-3.00, 0, -2), health=100, action=idle
[BROWSER] LOG: [Game3D] UPDATE ryu: pos(-3.00, 0, -2), health=100, action=idle
[BROWSER] LOG: [Game3D] UPDATE ryu: pos(-3.00, 0, -2), health=100, action=idle
[BROWSER] LOG: [Game3D] UPDATE ryu: pos(-3.00, 0, -2), health=100, action=idle
[BROWSER] LOG: [Game3D] UPDATE ryu: pos(-3.00, 0, -2), health=100, action=idle
[BROWSER] LOG: [Game3D] UPDATE ryu: pos(-3.00, 0, -2), health=100, action=idle
[BROWSER] LOG: [Game3D] UPDATE ryu: pos(-3.00, 0, -2), health=100, action=idle
[BROWSER] LOG: [Game3D] UPDATE ryu: pos(-3.00, 0, -2), health=100, action=idle
[BROWSER] LOG: [Game3D] UPDATE ryu: pos(-3.00, 0, -2), health=100, action=idle
[BROWSER] LOG: [Game3D] UPDATE ryu: pos(-3.00, 0, -2), health=100, action=idle
[BROWSER] LOG: [Game3D] UPDATE ryu: pos(-3.00, 0, -2), health=100, action=idle
[BROWSER] LOG: [Game3D] UPDATE ryu: pos(-3.00, 0, -2), health=100, action=idle
[BROWSER] LOG: [Game3D] UPDATE ryu: pos(-3.00, 0, -2), health=100, action=idle
[BROWSER] LOG: [Game3D] UPDATE ryu: pos(-3.00, 0, -2), health=100, action=idle
[BROWSER] LOG: [Game3D] UPDATE ryu: pos(-3.00, 0, -2), health=100, action=idle
[BROWSER] LOG: [Game3D] UPDATE ryu: pos(-3.00, 0, -2), health=100, action=idle
[BROWSER] LOG: [Game3D] UPDATE ryu: pos(-3.00, 0, -2), health=100, action=idle
[BROWSER] LOG: [Game3D] UPDATE ryu: pos(-3.00, 0, -2), health=100, action=idle
[BROWSER] LOG: [Game3D] UPDATE ryu: pos(-3.00, 0, -2), health=100, action=idle
[BROWSER] LOG: [Game3D] UPDATE ryu: pos(-3.00, 0, -2), health=100, action=idle
[BROWSER] LOG: [Game3D] UPDATE ryu: pos(-3.00, 0, -2), health=100, action=idle
[BROWSER] LOG: [Game3D] UPDATE ryu: pos(-3.00, 0, -2), health=100, action=idle
[BROWSER] LOG: [Game3D] UPDATE ryu: pos(-3.00, 0, -2), health=100, action=idle
[BROWSER] LOG: [Game3D] UPDATE ryu: pos(-3.00, 0, -2), health=100, action=idle
[BROWSER] LOG: [Game3D] UPDATE ryu: pos(-3.00, 0, -2), health=100, action=idle
[BROWSER] LOG: [Game3D] UPDATE ryu: pos(-3.00, 0, -2), health=100, action=idle
[BROWSER] LOG: [Game3D] UPDATE ryu: pos(-3.00, 0, -2), health=100, action=idle
[BROWSER] LOG: [Game3D] UPDATE ryu: pos(-3.00, 0, -2), health=100, action=idle
[BROWSER] LOG: [Game3D] UPDATE ryu: pos(-3.00, 0, -2), health=100, action=idle
[BROWSER] LOG: [Game3D] UPDATE ryu: pos(-3.00, 0, -2), health=100, action=idle
[BROWSER] LOG: [Game3D] UPDATE ryu: pos(-3.00, 0, -2), health=100, action=idle
[BROWSER] LOG: [Game3D] UPDATE ryu: pos(-3.00, 0, -2), health=100, action=idle
[BROWSER] LOG: [Game3D] UPDATE ryu: pos(-3.00, 0, -2), health=100, action=idle
[BROWSER] LOG: [Game3D] UPDATE ryu: pos(-3.00, 0, -2), health=100, action=idle
[BROWSER] LOG: [Game3D] UPDATE ryu: pos(-3.00, 0, -2), health=100, action=idle
[BROWSER] LOG: [Game3D] UPDATE ryu: pos(-3.00, 0, -2), health=100, action=idle
[BROWSER] LOG: [Game3D] UPDATE ryu: pos(-3.00, 0, -2), health=100, action=idle
[BROWSER] LOG: [Game3D] UPDATE ryu: pos(-3.00, 0, -2), health=100, action=idle
[BROWSER] LOG: [Game3D] UPDATE ryu: pos(-3.00, 0, -2), health=100, action=idle
[BROWSER] LOG: [Game3D] UPDATE ryu: pos(-3.00, 0, -2), health=100, action=idle
[BROWSER] LOG: [Game3D] UPDATE ryu: pos(-3.00, 0, -2), health=100, action=idle
[BROWSER] LOG: [Game3D] UPDATE ryu: pos(-3.00, 0, -2), health=100, action=idle
[BROWSER] LOG: [Game3D] UPDATE ryu: pos(-3.00, 0, -2), health=100, action=idle
[BROWSER] LOG: [Game3D] UPDATE ryu: pos(-3.00, 0, -2), health=100, action=idle
[BROWSER] LOG: [Game3D] UPDATE ryu: pos(-3.00, 0, -2), health=100, action=idle
[BROWSER] LOG: [Game3D] UPDATE ryu: pos(-3.00, 0, -2), health=100, action=idle
[BROWSER] LOG: [Game3D] UPDATE ryu: pos(-3.00, 0, -2), health=100, action=idle
[BROWSER] LOG: [Game3D] UPDATE ryu: pos(-3.00, 0, -2), health=100, action=idle
[BROWSER] LOG: [Game3D] UPDATE ryu: pos(-3.00, 0, -2), health=100, action=idle
[BROWSER] LOG: [Game3D] UPDATE ryu: pos(-3.00, 0, -2), health=100, action=idle
[BROWSER] LOG: [Game3D] UPDATE ryu: pos(-3.00, 0, -2), health=100, action=idle
[BROWSER] LOG: [Game3D] UPDATE ryu: pos(-3.00, 0, -2), health=100, action=idle
[BROWSER] LOG: [Game3D] UPDATE ryu: pos(-3.00, 0, -2), health=100, action=idle
[BROWSER] LOG: [Game3D] UPDATE ryu: pos(-3.00, 0, -2), health=100, action=idle
[BROWSER] LOG: [Game3D] UPDATE ryu: pos(-3.00, 0, -2), health=100, action=idle
[BROWSER] LOG: [Game3D] UPDATE ryu: pos(-3.00, 0, -2), health=100, action=idle
[BROWSER] LOG: [Game3D] UPDATE ryu: pos(-3.00, 0, -2), health=100, action=idle
[BROWSER] LOG: [Game3D] UPDATE ryu: pos(-3.00, 0, -2), health=100, action=idle
[BROWSER] LOG: [Game3D] UPDATE ryu: pos(-3.00, 0, -2), health=100, action=idle
[BROWSER] LOG: [Game3D] UPDATE ryu: pos(-3.00, 0, -2), health=100, action=idle
[BROWSER] LOG: [Game3D] UPDATE ryu: pos(-3.00, 0, -2), health=100, action=idle
[BROWSER] LOG: [Game3D] UPDATE ryu: pos(-3.00, 0, -2), health=100, action=idle
[BROWSER] LOG: [Game3D] UPDATE ryu: pos(-3.00, 0, -2), health=100, action=idle
[BROWSER] LOG: [Game3D] UPDATE ryu: pos(-3.00, 0, -2), health=100, action=idle
[BROWSER] LOG: [Game3D] UPDATE ryu: pos(-3.00, 0, -2), health=100, action=idle
[BROWSER] LOG: [Game3D] UPDATE ryu: pos(-3.00, 0, -2), health=100, action=idle
[BROWSER] LOG: [Game3D] UPDATE ryu: pos(-3.00, 0, -2), health=100, action=idle
[BROWSER] LOG: [Game3D] UPDATE ryu: pos(-3.00, 0, -2), health=100, action=idle
[BROWSER] LOG: [Game3D] UPDATE ryu: pos(-3.00, 0, -2), health=100, action=idle
[BROWSER] LOG: [Game3D] UPDATE ryu: pos(-3.00, 0, -2), health=100, action=idle
[BROWSER] LOG: [Game3D] UPDATE ryu: pos(-3.00, 0, -2), health=100, action=idle
[BROWSER] LOG: [Game3D] UPDATE ryu: pos(-3.00, 0, -2), health=100, action=idle
[BROWSER] LOG: [Game3D] UPDATE ryu: pos(-3.00, 0, -2), health=100, action=idle
[BROWSER] LOG: [Game3D] UPDATE ryu: pos(-3.00, 0, -2), health=100, action=idle
[BROWSER] LOG: [Game3D] UPDATE ryu: pos(-3.00, 0, -2), health=100, action=idle
[BROWSER] LOG: [Game3D] UPDATE ryu: pos(-3.00, 0, -2), health=100, action=idle
[BROWSER] LOG: [Game3D] UPDATE ryu: pos(-3.00, 0, -2), health=100, action=idle
[BROWSER] LOG: [Game3D] UPDATE ryu: pos(-3.00, 0, -2), health=100, action=idle
[BROWSER] LOG: [Game3D] UPDATE ryu: pos(-3.00, 0, -2), health=100, action=idle
[BROWSER] LOG: [Game3D] UPDATE ryu: pos(-3.00, 0, -2), health=100, action=idle
[BROWSER] LOG: [Game3D] UPDATE ryu: pos(-3.00, 0, -2), health=100, action=idle
[BROWSER] LOG: [Game3D] UPDATE ryu: pos(-3.00, 0, -2), health=100, action=idle
[BROWSER] LOG: [Game3D] UPDATE ryu: pos(-3.00, 0, -2), health=100, action=idle
[BROWSER] LOG: [Game3D] UPDATE ryu: pos(-3.00, 0, -2), health=100, action=idle
[BROWSER] LOG: [Game3D] UPDATE ryu: pos(-3.00, 0, -2), health=100, action=idle
[BROWSER] LOG: [Game3D] UPDATE ryu: pos(-3.00, 0, -2), health=100, action=idle
[BROWSER] LOG: [Game3D] UPDATE ryu: pos(-3.00, 0, -2), health=100, action=idle
[BROWSER] LOG: [Game3D] UPDATE ryu: pos(-3.00, 0, -2), health=100, action=idle
[BROWSER] LOG: [Game3D] UPDATE ryu: pos(-3.00, 0, -2), health=100, action=idle
[BROWSER] LOG: [Game3D] UPDATE ryu: pos(-3.00, 0, -2), health=100, action=idle
[BROWSER] LOG: [Game3D] UPDATE ryu: pos(-3.00, 0, -2), health=100, action=idle
[BROWSER] LOG: [Game3D] UPDATE ryu: pos(-3.00, 0, -2), health=100, action=idle
[BROWSER] LOG: [Game3D] UPDATE ryu: pos(-3.00, 0, -2), health=100, action=idle
[BROWSER] LOG: [Game3D] UPDATE ryu: pos(-3.00, 0, -2), health=100, action=idle
[BROWSER] LOG: [Game3D] UPDATE ryu: pos(-3.00, 0, -2), health=100, action=idle
[BROWSER] LOG: [Game3D] UPDATE ryu: pos(-3.00, 0, -2), health=100, action=idle
[BROWSER] LOG: [Game3D] UPDATE ryu: pos(-3.00, 0, -2), health=100, action=idle
[BROWSER] LOG: [Game3D] UPDATE ryu: pos(-3.00, 0, -2), health=100, action=idle
[BROWSER] LOG: [Game3D] UPDATE ryu: pos(-3.00, 0, -2), health=100, action=idle
[BROWSER] LOG: [Game3D] UPDATE ryu: pos(-3.00, 0, -2), health=100, action=idle
[BROWSER] LOG: [Game3D] UPDATE ryu: pos(-3.00, 0, -2), health=100, action=idle
[BROWSER] LOG: [Game3D] UPDATE ryu: pos(-3.00, 0, -2), health=100, action=idle
[BROWSER] LOG: [Game3D] UPDATE ryu: pos(-3.00, 0, -2), health=100, action=idle
[BROWSER] LOG: [Game3D] UPDATE ryu: pos(-3.00, 0, -2), health=100, action=idle
[BROWSER] LOG: [Game3D] UPDATE ryu: pos(-3.00, 0, -2), health=100, action=idle
[BROWSER] LOG: [Game3D] UPDATE ryu: pos(-3.00, 0, -2), health=100, action=idle
[BROWSER] LOG: [Game3D] UPDATE ryu: pos(-3.00, 0, -2), health=100, action=idle
[BROWSER] LOG: [Game3D] UPDATE ryu: pos(-3.00, 0, -2), health=100, action=idle
[BROWSER] LOG: [Game3D] UPDATE ryu: pos(-3.00, 0, -2), health=100, action=idle
[BROWSER] LOG: [Game3D] UPDATE ryu: pos(-3.00, 0, -2), health=100, action=idle
[BROWSER] LOG: [Game3D] UPDATE ryu: pos(-3.00, 0, -2), health=100, action=idle
[BROWSER] LOG: [Game3D] UPDATE ryu: pos(-3.00, 0, -2), health=100, action=idle
[BROWSER] LOG: [Game3D] UPDATE ryu: pos(-3.00, 0, -2), health=100, action=idle
[BROWSER] LOG: [Game3D] UPDATE ryu: pos(-3.00, 0, -2), health=100, action=idle
[BROWSER] LOG: [Game3D] UPDATE ryu: pos(-3.00, 0, -2), health=100, action=idle
[BROWSER] LOG: [Game3D] UPDATE ryu: pos(-3.00, 0, -2), health=100, action=idle
[BROWSER] LOG: [Game3D] UPDATE ryu: pos(-3.00, 0, -2), health=100, action=idle
[BROWSER] LOG: [Game3D] UPDATE ryu: pos(-3.00, 0, -2), health=100, action=idle
[BROWSER] LOG: [Game3D] UPDATE ryu: pos(-3.00, 0, -2), health=100, action=idle
[BROWSER] LOG: [Game3D] UPDATE ryu: pos(-3.00, 0, -2), health=100, action=idle
[BROWSER] LOG: [Game3D] UPDATE ryu: pos(-3.00, 0, -2), health=100, action=idle
[BROWSER] LOG: [Game3D] UPDATE ryu: pos(-3.00, 0, -2), health=100, action=idle
[BROWSER] LOG: [Game3D] UPDATE ryu: pos(-3.00, 0, -2), health=100, action=idle
[BROWSER] LOG: [Game3D] UPDATE ryu: pos(-3.00, 0, -2), health=100, action=idle
[BROWSER] LOG: [Game3D] UPDATE ryu: pos(-3.00, 0, -2), health=100, action=idle
[BROWSER] LOG: [Game3D] UPDATE ryu: pos(-3.00, 0, -2), health=100, action=idle
[BROWSER] LOG: [Game3D] UPDATE ryu: pos(-3.00, 0, -2), health=100, action=idle
[BROWSER] LOG: [Game3D] UPDATE ryu: pos(-3.00, 0, -2), health=100, action=idle
[BROWSER] LOG: [Game3D] UPDATE ryu: pos(-3.00, 0, -2), health=100, action=idle
[BROWSER] LOG: [Game3D] UPDATE ryu: pos(-3.00, 0, -2), health=100, action=idle
[BROWSER] LOG: [Game3D] UPDATE ryu: pos(-3.00, 0, -2), health=100, action=idle
[BROWSER] LOG: [Game3D] UPDATE ryu: pos(-3.00, 0, -2), health=100, action=idle
[BROWSER] LOG: [Game3D] UPDATE ryu: pos(-3.00, 0, -2), health=100, action=idle
[BROWSER] LOG: [Game3D] UPDATE ryu: pos(-3.00, 0, -2), health=100, action=idle
[BROWSER] LOG: [Game3D] UPDATE ryu: pos(-3.00, 0, -2), health=100, action=idle
[BROWSER] LOG: [Game3D] UPDATE ryu: pos(-3.00, 0, -2), health=100, action=idle
[BROWSER] LOG: [Game3D] UPDATE ryu: pos(-3.00, 0, -2), health=100, action=idle
[BROWSER] LOG: [Game3D] UPDATE ryu: pos(-3.00, 0, -2), health=100, action=idle
[BROWSER] LOG: [Game3D] UPDATE ryu: pos(-3.00, 0, -2), health=100, action=idle
[BROWSER] LOG: [Game3D] UPDATE ryu: pos(-3.00, 0, -2), health=100, action=idle
[BROWSER] LOG: [Game3D] UPDATE ryu: pos(-3.00, 0, -2), health=100, action=idle
[BROWSER] LOG: [Game3D] UPDATE ryu: pos(-3.00, 0, -2), health=100, action=idle
[BROWSER] LOG: [Game3D] UPDATE ryu: pos(-3.00, 0, -2), health=100, action=idle
[BROWSER] LOG: [Game3D] UPDATE ryu: pos(-3.00, 0, -2), health=100, action=idle
[BROWSER] LOG: [Game3D] UPDATE ryu: pos(-3.00, 0, -2), health=100, action=idle
[BROWSER] LOG: [Game3D] UPDATE ryu: pos(-3.00, 0, -2), health=100, action=idle
[BROWSER] LOG: [Game3D] UPDATE ryu: pos(-3.00, 0, -2), health=100, action=idle
[BROWSER] LOG: [Game3D] UPDATE ryu: pos(-3.00, 0, -2), health=100, action=idle
[BROWSER] LOG: [Game3D] UPDATE ryu: pos(-3.00, 0, -2), health=100, action=idle
[BROWSER] LOG: [Game3D] UPDATE ryu: pos(-3.00, 0, -2), health=100, action=idle
[BROWSER] LOG: [Game3D] UPDATE ryu: pos(-3.00, 0, -2), health=100, action=idle
[BROWSER] LOG: [Game3D] UPDATE ryu: pos(-3.00, 0, -2), health=100, action=idle
[BROWSER] LOG: [Game3D] UPDATE ryu: pos(-3.00, 0, -2), health=100, action=idle
[BROWSER] LOG: [Game3D] UPDATE ryu: pos(-3.00, 0, -2), health=100, action=idle
[BROWSER] LOG: [Game3D] UPDATE ryu: pos(-3.00, 0, -2), health=100, action=idle
[BROWSER] LOG: [Game3D] UPDATE ryu: pos(-3.00, 0, -2), health=100, action=idle
[BROWSER] LOG: [Game3D] UPDATE ryu: pos(-3.00, 0, -2), health=100, action=idle
[BROWSER] LOG: [Game3D] UPDATE ryu: pos(-3.00, 0, -2), health=100, action=idle
[BROWSER] LOG: [Game3D] UPDATE ryu: pos(-3.00, 0, -2), health=100, action=idle
[BROWSER] LOG: [Game3D] UPDATE ryu: pos(-3.00, 0, -2), health=100, action=idle
[BROWSER] LOG: [Game3D] UPDATE ryu: pos(-3.00, 0, -2), health=100, action=idle
[BROWSER] LOG: [Game3D] UPDATE ryu: pos(-3.00, 0, -2), health=100, action=idle
[BROWSER] LOG: [Game3D] UPDATE ryu: pos(-3.00, 0, -2), health=100, action=idle
[BROWSER] LOG: [Game3D] UPDATE ryu: pos(-3.00, 0, -2), health=100, action=idle
[BROWSER] LOG: [Game3D] UPDATE ryu: pos(-3.00, 0, -2), health=100, action=idle
[BROWSER] LOG: [Game3D] UPDATE ryu: pos(-3.00, 0, -2), health=100, action=idle
[BROWSER] LOG: [Game3D] UPDATE ryu: pos(-3.00, 0, -2), health=100, action=idle
[BROWSER] LOG: [Game3D] UPDATE ryu: pos(-3.00, 0, -2), health=100, action=idle
[BROWSER] LOG: [Game3D] UPDATE ryu: pos(-3.00, 0, -2), health=100, action=idle
[BROWSER] LOG: [Game3D] UPDATE ryu: pos(-3.00, 0, -2), health=100, action=idle
[BROWSER] LOG: [Game3D] UPDATE ryu: pos(-3.00, 0, -2), health=100, action=idle
[BROWSER] LOG: [Game3D] UPDATE ryu: pos(-3.00, 0, -2), health=100, action=idle
[BROWSER] LOG: [Game3D] UPDATE ryu: pos(-3.00, 0, -2), health=100, action=idle
[BROWSER] LOG: [Game3D] UPDATE ryu: pos(-3.00, 0, -2), health=100, action=idle
[BROWSER] LOG: [Game3D] UPDATE ryu: pos(-3.00, 0, -2), health=100, action=idle
[BROWSER] LOG: [Game3D] UPDATE ryu: pos(-3.00, 0, -2), health=100, action=idle
[BROWSER] LOG: [Game3D] UPDATE ryu: pos(-3.00, 0, -2), health=100, action=idle
[BROWSER] LOG: [Game3D] UPDATE ryu: pos(-3.00, 0, -2), health=100, action=idle
[BROWSER] LOG: [Game3D] UPDATE ryu: pos(-3.00, 0, -2), health=100, action=idle
[BROWSER] LOG: [Game3D] UPDATE ryu: pos(-3.00, 0, -2), health=100, action=idle
[BROWSER] LOG: [Game3D] UPDATE ryu: pos(-3.00, 0, -2), health=100, action=idle
[BROWSER] LOG: [Game3D] UPDATE ryu: pos(-3.00, 0, -2), health=100, action=idle
[BROWSER] LOG: [Game3D] UPDATE ryu: pos(-3.00, 0, -2), health=100, action=idle
[BROWSER] LOG: [Game3D] UPDATE ryu: pos(-3.00, 0, -2), health=100, action=idle
[BROWSER] LOG: [Game3D] UPDATE ryu: pos(-3.00, 0, -2), health=100, action=idle
[BROWSER] LOG: [Game3D] UPDATE ryu: pos(-3.00, 0, -2), health=100, action=idle
[BROWSER] LOG: [Game3D] UPDATE ryu: pos(-3.00, 0, -2), health=100, action=idle
[BROWSER] LOG: [Game3D] UPDATE ryu: pos(-3.00, 0, -2), health=100, action=idle
[BROWSER] LOG: [Game3D] UPDATE ryu: pos(-3.00, 0, -2), health=100, action=idle
[BROWSER] LOG: [Game3D] UPDATE ryu: pos(-3.00, 0, -2), health=100, action=idle
[BROWSER] LOG: [Game3D] UPDATE ryu: pos(-3.00, 0, -2), health=100, action=idle
[BROWSER] LOG: [Game3D] UPDATE ryu: pos(-3.00, 0, -2), health=100, action=idle
[BROWSER] LOG: [Game3D] UPDATE ryu: pos(-3.00, 0, -2), health=100, action=idle
[BROWSER] LOG: [Game3D] UPDATE ryu: pos(-3.00, 0, -2), health=100, action=idle
[BROWSER] LOG: [Game3D] UPDATE ryu: pos(-3.00, 0, -2), health=100, action=idle
[BROWSER] LOG: [Game3D] UPDATE ryu: pos(-3.00, 0, -2), health=100, action=idle
[BROWSER] LOG: [Game3D] UPDATE ryu: pos(-3.00, 0, -2), health=100, action=idle
[BROWSER] LOG: [Game3D] UPDATE ryu: pos(-3.00, 0, -2), health=100, action=idle
[BROWSER] LOG: [Game3D] UPDATE ryu: pos(-3.00, 0, -2), health=100, action=idle
[BROWSER] LOG: [Game3D] UPDATE ryu: pos(-3.00, 0, -2), health=100, action=idle
[BROWSER] LOG: [Game3D] UPDATE ryu: pos(-3.00, 0, -2), health=100, action=idle
[BROWSER] LOG: [Game3D] UPDATE ryu: pos(-3.00, 0, -2), health=100, action=idle
[BROWSER] LOG: [Game3D] UPDATE ryu: pos(-3.00, 0, -2), health=100, action=idle
[BROWSER] LOG: [Game3D] UPDATE ryu: pos(-3.00, 0, -2), health=100, action=idle
[BROWSER] LOG: [Game3D] UPDATE ryu: pos(-3.00, 0, -2), health=100, action=idle
[BROWSER] LOG: [Game3D] UPDATE ryu: pos(-3.00, 0, -2), health=100, action=idle
[BROWSER] LOG: [Game3D] UPDATE ryu: pos(-3.00, 0, -2), health=100, action=idle
[BROWSER] LOG: [Game3D] UPDATE ryu: pos(-3.00, 0, -2), health=100, action=idle
[BROWSER] LOG: [Game3D] UPDATE ryu: pos(-3.00, 0, -2), health=100, action=idle
[BROWSER] LOG: [Game3D] UPDATE ryu: pos(-3.00, 0, -2), health=100, action=idle
[BROWSER] LOG: [Game3D] UPDATE ryu: pos(-3.00, 0, -2), health=100, action=idle
[BROWSER] LOG: [Game3D] UPDATE ryu: pos(-3.00, 0, -2), health=100, action=idle
[BROWSER] LOG: [Game3D] UPDATE ryu: pos(-3.00, 0, -2), health=100, action=idle
[BROWSER] LOG: [Game3D] UPDATE ryu: pos(-3.00, 0, -2), health=100, action=idle
[BROWSER] LOG: [Game3D] UPDATE ryu: pos(-3.00, 0, -2), health=100, action=idle
[BROWSER] LOG: [Game3D] UPDATE ryu: pos(-3.00, 0, -2), health=100, action=idle
[BROWSER] LOG: [Game3D] UPDATE ryu: pos(-3.00, 0, -2), health=100, action=idle
[BROWSER] LOG: [Game3D] UPDATE ryu: pos(-3.00, 0, -2), health=100, action=idle
[BROWSER] LOG: [Game3D] UPDATE ryu: pos(-3.00, 0, -2), health=100, action=idle
[BROWSER] LOG: [Game3D] UPDATE ryu: pos(-3.00, 0, -2), health=100, action=idle
[BROWSER] LOG: [Game3D] UPDATE ryu: pos(-3.00, 0, -2), health=100, action=idle
[BROWSER] LOG: [Game3D] UPDATE ryu: pos(-3.00, 0, -2), health=100, action=idle
[BROWSER] LOG: [Game3D] UPDATE ryu: pos(-3.00, 0, -2), health=100, action=idle
[BROWSER] LOG: [Game3D] UPDATE ryu: pos(-3.00, 0, -2), health=100, action=idle
[BROWSER] LOG: [Game3D] UPDATE ryu: pos(-3.00, 0, -2), health=100, action=idle
[BROWSER] LOG: [Game3D] UPDATE ryu: pos(-3.00, 0, -2), health=100, action=idle
[BROWSER] LOG: [Game3D] UPDATE ryu: pos(-3.00, 0, -2), health=100, action=idle
[BROWSER] LOG: [Game3D] UPDATE ryu: pos(-3.00, 0, -2), health=100, action=idle
[BROWSER] LOG: [Game3D] UPDATE ryu: pos(-3.00, 0, -2), health=100, action=idle
[BROWSER] LOG: [Game3D] UPDATE ryu: pos(-3.00, 0, -2), health=100, action=idle
[BROWSER] LOG: [Game3D] UPDATE ryu: pos(-3.00, 0, -2), health=100, action=idle
[BROWSER] LOG: [Game3D] UPDATE ryu: pos(-3.00, 0, -2), health=100, action=idle
[BROWSER] LOG: [Game3D] UPDATE ryu: pos(-3.00, 0, -2), health=100, action=idle
[BROWSER] LOG: [Game3D] UPDATE ryu: pos(-3.00, 0, -2), health=100, action=idle
[BROWSER] LOG: [Game3D] UPDATE ryu: pos(-3.00, 0, -2), health=100, action=idle
[BROWSER] LOG: [Game3D] UPDATE ryu: pos(-3.00, 0, -2), health=100, action=idle
[BROWSER] LOG: [Game3D] UPDATE ryu: pos(-3.00, 0, -2), health=100, action=idle
[BROWSER] LOG: [Game3D] UPDATE ryu: pos(-3.00, 0, -2), health=100, action=idle
[BROWSER] LOG: [Game3D] UPDATE ryu: pos(-3.00, 0, -2), health=100, action=idle
[BROWSER] LOG: [Game3D] UPDATE ryu: pos(-3.00, 0, -2), health=100, action=idle
[BROWSER] LOG: [Game3D] UPDATE ryu: pos(-3.00, 0, -2), health=100, action=idle
[BROWSER] LOG: [Game3D] UPDATE ryu: pos(-3.00, 0, -2), health=100, action=idle
[BROWSER] LOG: [Game3D] UPDATE ryu: pos(-3.00, 0, -2), health=100, action=idle
[BROWSER] LOG: [Game3D] UPDATE ryu: pos(-3.00, 0, -2), health=100, action=idle
[BROWSER] LOG: [Game3D] UPDATE ryu: pos(-3.00, 0, -2), health=100, action=idle
[BROWSER] LOG: [Game3D] UPDATE ryu: pos(-3.00, 0, -2), health=100, action=idle
[BROWSER] LOG: [Game3D] UPDATE ryu: pos(-3.00, 0, -2), health=100, action=idle
[BROWSER] LOG: [Game3D] UPDATE ryu: pos(-3.00, 0, -2), health=100, action=idle
[BROWSER] LOG: [Game3D] UPDATE ryu: pos(-3.00, 0, -2), health=100, action=idle
[BROWSER] LOG: [Game3D] UPDATE ryu: pos(-3.00, 0, -2), health=100, action=idle
[BROWSER] LOG: [Game3D] UPDATE ryu: pos(-3.00, 0, -2), health=100, action=idle
[BROWSER] LOG: [Game3D] UPDATE ryu: pos(-3.00, 0, -2), health=100, action=idle
[BROWSER] LOG: [Game3D] UPDATE ryu: pos(-3.00, 0, -2), health=100, action=idle
[BROWSER] LOG: [Game3D] UPDATE ryu: pos(-3.00, 0, -2), health=100, action=idle
[BROWSER] LOG: [Game3D] UPDATE ryu: pos(-3.00, 0, -2), health=100, action=idle
[BROWSER] LOG: [Game3D] UPDATE ryu: pos(-3.00, 0, -2), health=100, action=idle
[BROWSER] LOG: [Game3D] UPDATE ryu: pos(-3.00, 0, -2), health=100, action=idle
[BROWSER] LOG: [Game3D] UPDATE ryu: pos(-3.00, 0, -2), health=100, action=idle
[BROWSER] LOG: [Game3D] UPDATE ryu: pos(-3.00, 0, -2), health=100, action=idle
[BROWSER] LOG: [Game3D] UPDATE ryu: pos(-3.00, 0, -2), health=100, action=idle
[BROWSER] LOG: [Game3D] UPDATE ryu: pos(-3.00, 0, -2), health=100, action=idle
[BROWSER] LOG: [Game3D] UPDATE ryu: pos(-3.00, 0, -2), health=100, action=idle
[BROWSER] LOG: [Game3D] UPDATE ryu: pos(-3.00, 0, -2), health=100, action=idle
[BROWSER] LOG: [Game3D] UPDATE ryu: pos(-3.00, 0, -2), health=100, action=idle
[BROWSER] LOG: [Game3D] UPDATE ryu: pos(-3.00, 0, -2), health=100, action=idle
[BROWSER] LOG: [Game3D] UPDATE ryu: pos(-3.00, 0, -2), health=100, action=idle
[BROWSER] LOG: [Game3D] UPDATE ryu: pos(-3.00, 0, -2), health=100, action=idle
[BROWSER] LOG: [Game3D] UPDATE ryu: pos(-3.00, 0, -2), health=100, action=idle
[BROWSER] LOG: [Game3D] UPDATE ryu: pos(-3.00, 0, -2), health=100, action=idle
[BROWSER] LOG: [Game3D] UPDATE ryu: pos(-3.00, 0, -2), health=100, action=idle
[BROWSER] LOG: [Game3D] UPDATE ryu: pos(-3.00, 0, -2), health=100, action=idle
[BROWSER] LOG: [Game3D] UPDATE ryu: pos(-3.00, 0, -2), health=100, action=idle
[BROWSER] LOG: [Game3D] UPDATE ryu: pos(-3.00, 0, -2), health=100, action=idle
[BROWSER] LOG: [Game3D] UPDATE ryu: pos(-3.00, 0, -2), health=100, action=idle
[BROWSER] LOG: [Game3D] UPDATE ryu: pos(-3.00, 0, -2), health=100, action=idle
[BROWSER] LOG: [Game3D] UPDATE ryu: pos(-3.00, 0, -2), health=100, action=idle
[BROWSER] LOG: [Game3D] UPDATE ryu: pos(-3.00, 0, -2), health=100, action=idle
[BROWSER] LOG: [Game3D] UPDATE ryu: pos(-3.00, 0, -2), health=100, action=idle
[BROWSER] LOG: [Game3D] UPDATE ryu: pos(-3.00, 0, -2), health=100, action=idle
[BROWSER] LOG: [Game3D] UPDATE ryu: pos(-3.00, 0, -2), health=100, action=idle
[BROWSER] LOG: [Game3D] UPDATE ryu: pos(-3.00, 0, -2), health=100, action=idle
[BROWSER] LOG: [Game3D] UPDATE ryu: pos(-3.00, 0, -2), health=100, action=idle
[BROWSER] LOG: [Game3D] UPDATE ryu: pos(-3.00, 0, -2), health=100, action=idle
[BROWSER] LOG: [Game3D] UPDATE ryu: pos(-3.00, 0, -2), health=100, action=idle
[BROWSER] LOG: [Game3D] UPDATE ryu: pos(-3.00, 0, -2), health=100, action=idle
[BROWSER] LOG: [Game3D] UPDATE ryu: pos(-3.00, 0, -2), health=100, action=idle
[BROWSER] LOG: [Game3D] UPDATE ryu: pos(-3.00, 0, -2), health=100, action=idle
[BROWSER] LOG: [Game3D] UPDATE ryu: pos(-3.00, 0, -2), health=100, action=idle
[BROWSER] LOG: [Game3D] UPDATE ryu: pos(-3.00, 0, -2), health=100, action=idle
[BROWSER] LOG: [Game3D] UPDATE ryu: pos(-3.00, 0, -2), health=100, action=idle
[BROWSER] LOG: [Game3D] UPDATE ryu: pos(-3.00, 0, -2), health=100, action=idle
[BROWSER] LOG: [Game3D] UPDATE ryu: pos(-3.00, 0, -2), health=100, action=idle
[BROWSER] LOG: [Game3D] UPDATE ryu: pos(-3.00, 0, -2), health=100, action=idle
[BROWSER] LOG: [Game3D] UPDATE ryu: pos(-3.00, 0, -2), health=100, action=idle
[BROWSER] LOG: [Game3D] UPDATE ryu: pos(-3.00, 0, -2), health=100, action=idle
[BROWSER] LOG: [Game3D] UPDATE ryu: pos(-3.00, 0, -2), health=100, action=idle
[BROWSER] LOG: [Game3D] UPDATE ryu: pos(-3.00, 0, -2), health=100, action=idle
[BROWSER] LOG: [Game3D] UPDATE ryu: pos(-3.00, 0, -2), health=100, action=idle
[BROWSER] LOG: [Game3D] UPDATE ryu: pos(-3.00, 0, -2), health=100, action=idle
[BROWSER] LOG: [Game3D] UPDATE ryu: pos(-3.00, 0, -2), health=100, action=idle
[BROWSER] LOG: [Game3D] UPDATE ryu: pos(-3.00, 0, -2), health=100, action=idle
[BROWSER] LOG: [Game3D] UPDATE ryu: pos(-3.00, 0, -2), health=100, action=idle
[BROWSER] LOG: [Game3D] UPDATE ryu: pos(-3.00, 0, -2), health=100, action=idle
[BROWSER] LOG: [Game3D] UPDATE ryu: pos(-3.00, 0, -2), health=100, action=idle
[BROWSER] LOG: [Game3D] UPDATE ryu: pos(-3.00, 0, -2), health=100, action=idle
[BROWSER] LOG: [Game3D] UPDATE ryu: pos(-3.00, 0, -2), health=100, action=idle
[BROWSER] LOG: [Game3D] UPDATE ryu: pos(-3.00, 0, -2), health=100, action=idle
[BROWSER] LOG: [Game3D] UPDATE ryu: pos(-3.00, 0, -2), health=100, action=idle
[BROWSER] LOG: [Game3D] UPDATE ryu: pos(-3.00, 0, -2), health=100, action=idle
[BROWSER] LOG: [Game3D] UPDATE ryu: pos(-3.00, 0, -2), health=100, action=idle
[BROWSER] LOG: [Game3D] UPDATE ryu: pos(-3.00, 0, -2), health=100, action=idle
[BROWSER] LOG: [Game3D] UPDATE ryu: pos(-3.00, 0, -2), health=100, action=idle
[BROWSER] LOG: [Game3D] UPDATE ryu: pos(-3.00, 0, -2), health=100, action=idle
[BROWSER] LOG: [Game3D] UPDATE ryu: pos(-3.00, 0, -2), health=100, action=idle
[BROWSER] LOG: [Game3D] UPDATE ryu: pos(-3.00, 0, -2), health=100, action=idle
[BROWSER] LOG: [Game3D] UPDATE ryu: pos(-3.00, 0, -2), health=100, action=idle
[BROWSER] LOG: [Game3D] UPDATE ryu: pos(-3.00, 0, -2), health=100, action=idle
[BROWSER] LOG: [Game3D] UPDATE ryu: pos(-3.00, 0, -2), health=100, action=idle
[BROWSER] LOG: [Game3D] UPDATE ryu: pos(-3.00, 0, -2), health=100, action=idle
[BROWSER] LOG: [Game3D] UPDATE ryu: pos(-3.00, 0, -2), health=100, action=idle
[BROWSER] LOG: [Game3D] UPDATE ryu: pos(-3.00, 0, -2), health=100, action=idle
[BROWSER] LOG: [Game3D] UPDATE ryu: pos(-3.00, 0, -2), health=100, action=idle
[BROWSER] LOG: [Game3D] UPDATE ryu: pos(-3.00, 0, -2), health=100, action=idle
[BROWSER] LOG: [Game3D] UPDATE ryu: pos(-3.00, 0, -2), health=100, action=idle
[BROWSER] LOG: [Game3D] UPDATE ryu: pos(-3.00, 0, -2), health=100, action=idle
[BROWSER] LOG: [Game3D] UPDATE ryu: pos(-3.00, 0, -2), health=100, action=idle
[BROWSER] LOG: [Game3D] UPDATE ryu: pos(-3.00, 0, -2), health=100, action=idle
[BROWSER] LOG: [Game3D] UPDATE ryu: pos(-3.00, 0, -2), health=100, action=idle
[BROWSER] LOG: [Game3D] UPDATE ryu: pos(-3.00, 0, -2), health=100, action=idle
[BROWSER] LOG: [Game3D] UPDATE ryu: pos(-3.00, 0, -2), health=100, action=idle
[BROWSER] LOG: [Game3D] UPDATE ryu: pos(-3.00, 0, -2), health=100, action=idle
[BROWSER] LOG: [Game3D] UPDATE ryu: pos(-3.00, 0, -2), health=100, action=idle
[BROWSER] LOG: [Game3D] UPDATE ryu: pos(-3.00, 0, -2), health=100, action=idle
[BROWSER] LOG: [Game3D] UPDATE ryu: pos(-3.00, 0, -2), health=100, action=idle
[BROWSER] LOG: [Game3D] UPDATE ryu: pos(-3.00, 0, -2), health=100, action=idle
[BROWSER] LOG: [Game3D] UPDATE ryu: pos(-3.00, 0, -2), health=100, action=idle
[BROWSER] LOG: [Game3D] UPDATE ryu: pos(-3.00, 0, -2), health=100, action=idle
[BROWSER] LOG: [Game3D] UPDATE ryu: pos(-3.00, 0, -2), health=100, action=idle
[BROWSER] LOG: [Game3D] UPDATE ryu: pos(-3.00, 0, -2), health=100, action=idle
[BROWSER] LOG: [Game3D] UPDATE ryu: pos(-3.00, 0, -2), health=100, action=idle
[BROWSER] LOG: [Game3D] UPDATE ryu: pos(-3.00, 0, -2), health=100, action=idle
[BROWSER] LOG: [Game3D] UPDATE ryu: pos(-3.00, 0, -2), health=100, action=idle
[BROWSER] LOG: [Game3D] UPDATE ryu: pos(-3.00, 0, -2), health=100, action=idle
[BROWSER] LOG: [Game3D] UPDATE ryu: pos(-3.00, 0, -2), health=100, action=idle
[BROWSER] LOG: [Game3D] UPDATE ryu: pos(-3.00, 0, -2), health=100, action=idle
[BROWSER] LOG: [Game3D] UPDATE ryu: pos(-3.00, 0, -2), health=100, action=idle
[BROWSER] LOG: [Game3D] UPDATE ryu: pos(-3.00, 0, -2), health=100, action=idle
[BROWSER] LOG: [Game3D] UPDATE ryu: pos(-3.00, 0, -2), health=100, action=idle
[BROWSER] LOG: [Game3D] UPDATE ryu: pos(-3.00, 0, -2), health=100, action=idle
[BROWSER] LOG: [Game3D] UPDATE ryu: pos(-3.00, 0, -2), health=100, action=idle
[BROWSER] LOG: [Game3D] UPDATE ryu: pos(-3.00, 0, -2), health=100, action=idle
[BROWSER] LOG: [Game3D] UPDATE ryu: pos(-3.00, 0, -2), health=100, action=idle
[BROWSER] LOG: [Game3D] UPDATE ryu: pos(-3.00, 0, -2), health=100, action=idle
[BROWSER] LOG: [Game3D] UPDATE ryu: pos(-3.00, 0, -2), health=100, action=idle
[BROWSER] LOG: [Game3D] UPDATE ryu: pos(-3.00, 0, -2), health=100, action=idle
[BROWSER] LOG: [Game3D] UPDATE ryu: pos(-3.00, 0, -2), health=100, action=idle
[BROWSER] LOG: [Game3D] UPDATE ryu: pos(-3.00, 0, -2), health=100, action=idle
[BROWSER] LOG: [Game3D] UPDATE ryu: pos(-3.00, 0, -2), health=100, action=idle
[BROWSER] LOG: [Game3D] UPDATE ryu: pos(-3.00, 0, -2), health=100, action=idle
[BROWSER] LOG: [Game3D] UPDATE ryu: pos(-3.00, 0, -2), health=100, action=idle
[BROWSER] LOG: [Game3D] UPDATE ryu: pos(-3.00, 0, -2), health=100, action=idle
[BROWSER] LOG: [Game3D] UPDATE ryu: pos(-3.00, 0, -2), health=100, action=idle
[BROWSER] LOG: [Game3D] UPDATE ryu: pos(-3.00, 0, -2), health=100, action=idle
[BROWSER] LOG: [Game3D] UPDATE ryu: pos(-3.00, 0, -2), health=100, action=idle
[BROWSER] LOG: [Game3D] UPDATE ryu: pos(-3.00, 0, -2), health=100, action=idle
[BROWSER] LOG: [Game3D] UPDATE ryu: pos(-3.00, 0, -2), health=100, action=idle
[BROWSER] LOG: [Game3D] UPDATE ryu: pos(-3.00, 0, -2), health=100, action=idle
[BROWSER] LOG: [Game3D] UPDATE ryu: pos(-3.00, 0, -2), health=100, action=idle
[BROWSER] LOG: [Game3D] UPDATE ryu: pos(-3.00, 0, -2), health=100, action=idle
[BROWSER] LOG: [Game3D] UPDATE ryu: pos(-3.00, 0, -2), health=100, action=idle
[BROWSER] LOG: [Game3D] UPDATE ryu: pos(-3.00, 0, -2), health=100, action=idle
[BROWSER] LOG: [Game3D] UPDATE ryu: pos(-3.00, 0, -2), health=100, action=idle
[BROWSER] LOG: [Game3D] UPDATE ryu: pos(-3.00, 0, -2), health=100, action=idle
[BROWSER] LOG: [Game3D] UPDATE ryu: pos(-3.00, 0, -2), health=100, action=idle
[BROWSER] LOG: [Game3D] UPDATE ryu: pos(-3.00, 0, -2), health=100, action=idle
[BROWSER] LOG: [Game3D] UPDATE ryu: pos(-3.00, 0, -2), health=100, action=idle
[BROWSER] LOG: [Game3D] UPDATE ryu: pos(-3.00, 0, -2), health=100, action=idle
[BROWSER] LOG: [Game3D] UPDATE ryu: pos(-3.00, 0, -2), health=100, action=idle
[BROWSER] LOG: [Game3D] UPDATE ryu: pos(-3.00, 0, -2), health=100, action=idle
[BROWSER] LOG: [Game3D] UPDATE ryu: pos(-3.00, 0, -2), health=100, action=idle
[BROWSER] LOG: [Game3D] UPDATE ryu: pos(-3.00, 0, -2), health=100, action=idle
[BROWSER] LOG: [Game3D] UPDATE ryu: pos(-3.00, 0, -2), health=100, action=idle
[BROWSER] LOG: [Game3D] UPDATE ryu: pos(-3.00, 0, -2), health=100, action=idle
[BROWSER] LOG: [Game3D] UPDATE ryu: pos(-3.00, 0, -2), health=100, action=idle
[BROWSER] LOG: [Game3D] UPDATE ryu: pos(-3.00, 0, -2), health=100, action=idle
[BROWSER] LOG: [Game3D] UPDATE ryu: pos(-3.00, 0, -2), health=100, action=idle
[BROWSER] LOG: [Game3D] UPDATE ryu: pos(-3.00, 0, -2), health=100, action=idle
[BROWSER] LOG: [Game3D] UPDATE ryu: pos(-3.00, 0, -2), health=100, action=idle
[BROWSER] LOG: [Game3D] UPDATE ryu: pos(-3.00, 0, -2), health=100, action=idle
[BROWSER] LOG: [Game3D] UPDATE ryu: pos(-3.00, 0, -2), health=100, action=idle
[BROWSER] LOG: [Game3D] UPDATE ryu: pos(-3.00, 0, -2), health=100, action=idle
[BROWSER] LOG: [Game3D] UPDATE ryu: pos(-3.00, 0, -2), health=100, action=idle
[BROWSER] LOG: [Game3D] UPDATE ryu: pos(-3.00, 0, -2), health=100, action=idle
[BROWSER] LOG: [Game3D] UPDATE ryu: pos(-3.00, 0, -2), health=100, action=idle
[BROWSER] LOG: [Game3D] UPDATE ryu: pos(-3.00, 0, -2), health=100, action=idle
[BROWSER] LOG: [Game3D] UPDATE ryu: pos(-3.00, 0, -2), health=100, action=idle
[BROWSER] LOG: [Game3D] UPDATE ryu: pos(-3.00, 0, -2), health=100, action=idle
[BROWSER] LOG: [Game3D] UPDATE ryu: pos(-3.00, 0, -2), health=100, action=idle
[BROWSER] LOG: [Game3D] UPDATE ryu: pos(-3.00, 0, -2), health=100, action=idle
[BROWSER] LOG: [Game3D] UPDATE ryu: pos(-3.00, 0, -2), health=100, action=idle
[BROWSER] LOG: [Game3D] UPDATE ryu: pos(-3.00, 0, -2), health=100, action=idle
[BROWSER] LOG: [Game3D] UPDATE ryu: pos(-3.00, 0, -2), health=100, action=idle
[BROWSER] LOG: [Game3D] UPDATE ryu: pos(-3.00, 0, -2), health=100, action=idle
[BROWSER] LOG: [Game3D] UPDATE ryu: pos(-3.00, 0, -2), health=100, action=idle
[BROWSER] LOG: [Game3D] UPDATE ryu: pos(-3.00, 0, -2), health=100, action=idle
[BROWSER] LOG: [Game3D] UPDATE ryu: pos(-3.00, 0, -2), health=100, action=idle
[BROWSER] LOG: [Game3D] UPDATE ryu: pos(-3.00, 0, -2), health=100, action=idle
[BROWSER] LOG: [Game3D] UPDATE ryu: pos(-3.00, 0, -2), health=100, action=idle
[BROWSER] LOG: [Game3D] UPDATE ryu: pos(-3.00, 0, -2), health=100, action=idle
[BROWSER] LOG: [Game3D] UPDATE ryu: pos(-3.00, 0, -2), health=100, action=idle
[BROWSER] LOG: [Game3D] UPDATE ryu: pos(-3.00, 0, -2), health=100, action=idle
[BROWSER] LOG: [Game3D] UPDATE ryu: pos(-3.00, 0, -2), health=100, action=idle
[BROWSER] LOG: [Game3D] UPDATE ryu: pos(-3.00, 0, -2), health=100, action=idle
[BROWSER] LOG: [Game3D] UPDATE ryu: pos(-3.00, 0, -2), health=100, action=idle
[BROWSER] LOG: [Game3D] UPDATE ryu: pos(-3.00, 0, -2), health=100, action=idle
[BROWSER] LOG: [Game3D] UPDATE ryu: pos(-3.00, 0, -2), health=100, action=idle
[BROWSER] LOG: [Game3D] UPDATE ryu: pos(-3.00, 0, -2), health=100, action=idle
  ✅ 15초 게임 플레이 완료

📍 STEP 6: 최종 검증
📋 검증 결과:
  ✅ Player 1 표시
  ✅ Player 2 표시
  ❌ HUD 표시
  ✅ 캔버스 렌더링

========== Phase 9 테스트 ⚠️ 부분완료 ==========

]]>
</system-out>
</testcase>
</testsuite>
</testsuites>