{"meta": {"format": 3, "version": "7.10.7", "timestamp": "2025-11-20T00:47:31.308555", "branch_coverage": false, "show_contexts": false}, "files": {"src/__init__.py": {"executed_lines": [0], "summary": {"covered_lines": 0, "num_statements": 0, "percent_covered": 100.0, "percent_covered_display": "100", "missing_lines": 0, "excluded_lines": 0}, "missing_lines": [], "excluded_lines": [], "functions": {"": {"executed_lines": [], "summary": {"covered_lines": 0, "num_statements": 0, "percent_covered": 100.0, "percent_covered_display": "100", "missing_lines": 0, "excluded_lines": 0}, "missing_lines": [], "excluded_lines": []}}, "classes": {"": {"executed_lines": [], "summary": {"covered_lines": 0, "num_statements": 0, "percent_covered": 100.0, "percent_covered_display": "100", "missing_lines": 0, "excluded_lines": 0}, "missing_lines": [], "excluded_lines": []}}}, "src/ai_controller.py": {"executed_lines": [], "summary": {"covered_lines": 0, "num_statements": 59, "percent_covered": 0.0, "percent_covered_display": "0", "missing_lines": 59, "excluded_lines": 0}, "missing_lines": [1, 3, 4, 5, 8, 13, 21, 22, 23, 24, 26, 33, 34, 35, 36, 37, 42, 43, 45, 47, 56, 60, 61, 62, 65, 66, 69, 70, 73, 74, 75, 76, 77, 78, 80, 81, 82, 83, 85, 87, 88, 89, 90, 91, 92, 94, 95, 97, 99, 100, 102, 109, 110, 111, 112, 113, 114, 115, 116], "excluded_lines": [], "functions": {"AIController.__init__": {"executed_lines": [], "summary": {"covered_lines": 0, "num_statements": 4, "percent_covered": 0.0, "percent_covered_display": "0", "missing_lines": 4, "excluded_lines": 0}, "missing_lines": [21, 22, 23, 24], "excluded_lines": []}, "AIController.update": {"executed_lines": [], "summary": {"covered_lines": 0, "num_statements": 8, "percent_covered": 0.0, "percent_covered_display": "0", "missing_lines": 8, "excluded_lines": 0}, "missing_lines": [33, 34, 35, 36, 37, 42, 43, 45], "excluded_lines": []}, "AIController._decide_action": {"executed_lines": [], "summary": {"covered_lines": 0, "num_statements": 30, "percent_covered": 0.0, "percent_covered_display": "0", "missing_lines": 30, "excluded_lines": 0}, "missing_lines": [56, 60, 61, 62, 65, 66, 69, 70, 73, 74, 75, 76, 77, 78, 80, 81, 82, 83, 85, 87, 88, 89, 90, 91, 92, 94, 95, 97, 99, 100], "excluded_lines": []}, "AIController._apply_action": {"executed_lines": [], "summary": {"covered_lines": 0, "num_statements": 8, "percent_covered": 0.0, "percent_covered_display": "0", "missing_lines": 8, "excluded_lines": 0}, "missing_lines": [109, 110, 111, 112, 113, 114, 115, 116], "excluded_lines": []}, "": {"executed_lines": [], "summary": {"covered_lines": 0, "num_statements": 9, "percent_covered": 0.0, "percent_covered_display": "0", "missing_lines": 9, "excluded_lines": 0}, "missing_lines": [1, 3, 4, 5, 8, 13, 26, 47, 102], "excluded_lines": []}}, "classes": {"AIController": {"executed_lines": [], "summary": {"covered_lines": 0, "num_statements": 50, "percent_covered": 0.0, "percent_covered_display": "0", "missing_lines": 50, "excluded_lines": 0}, "missing_lines": [21, 22, 23, 24, 33, 34, 35, 36, 37, 42, 43, 45, 56, 60, 61, 62, 65, 66, 69, 70, 73, 74, 75, 76, 77, 78, 80, 81, 82, 83, 85, 87, 88, 89, 90, 91, 92, 94, 95, 97, 99, 100, 109, 110, 111, 112, 113, 114, 115, 116], "excluded_lines": []}, "": {"executed_lines": [], "summary": {"covered_lines": 0, "num_statements": 9, "percent_covered": 0.0, "percent_covered_display": "0", "missing_lines": 9, "excluded_lines": 0}, "missing_lines": [1, 3, 4, 5, 8, 13, 26, 47, 102], "excluded_lines": []}}}, "src/ai_fighter.py": {"executed_lines": [], "summary": {"covered_lines": 0, "num_statements": 15, "percent_covered": 0.0, "percent_covered_display": "0", "missing_lines": 15, "excluded_lines": 0}, "missing_lines": [1, 4, 10, 16, 23, 25, 29, 30, 31, 32, 35, 36, 38, 41, 42], "excluded_lines": [], "functions": {"AIFighter.convert_pose_to_commands": {"executed_lines": [], "summary": {"covered_lines": 0, "num_statements": 2, "percent_covered": 0.0, "percent_covered_display": "0", "missing_lines": 2, "excluded_lines": 0}, "missing_lines": [16, 23], "excluded_lines": []}, "AIFighter.write_commands_to_file": {"executed_lines": [], "summary": {"covered_lines": 0, "num_statements": 4, "percent_covered": 0.0, "percent_covered_display": "0", "missing_lines": 4, "excluded_lines": 0}, "missing_lines": [29, 30, 31, 32], "excluded_lines": []}, "": {"executed_lines": [], "summary": {"covered_lines": 0, "num_statements": 9, "percent_covered": 0.0, "percent_covered_display": "0", "missing_lines": 9, "excluded_lines": 0}, "missing_lines": [1, 4, 10, 25, 35, 36, 38, 41, 42], "excluded_lines": []}}, "classes": {"AIFighter": {"executed_lines": [], "summary": {"covered_lines": 0, "num_statements": 6, "percent_covered": 0.0, "percent_covered_display": "0", "missing_lines": 6, "excluded_lines": 0}, "missing_lines": [16, 23, 29, 30, 31, 32], "excluded_lines": []}, "": {"executed_lines": [], "summary": {"covered_lines": 0, "num_statements": 9, "percent_covered": 0.0, "percent_covered_display": "0", "missing_lines": 9, "excluded_lines": 0}, "missing_lines": [1, 4, 10, 25, 35, 36, 38, 41, 42], "excluded_lines": []}}}, "src/callbacks.py": {"executed_lines": [], "summary": {"covered_lines": 0, "num_statements": 21, "percent_covered": 0.0, "percent_covered_display": "0", "missing_lines": 21, "excluded_lines": 0}, "missing_lines": [1, 2, 3, 4, 7, 12, 13, 18, 20, 33, 35, 40, 42, 44, 45, 46, 47, 52, 53, 54, 56], "excluded_lines": [], "functions": {"CustomTensorboardCallback.__init__": {"executed_lines": [], "summary": {"covered_lines": 0, "num_statements": 1, "percent_covered": 0.0, "percent_covered_display": "0", "missing_lines": 1, "excluded_lines": 0}, "missing_lines": [13], "excluded_lines": []}, "CustomTensorboardCallback._on_training_start": {"executed_lines": [], "summary": {"covered_lines": 0, "num_statements": 2, "percent_covered": 0.0, "percent_covered_display": "0", "missing_lines": 2, "excluded_lines": 0}, "missing_lines": [20, 33], "excluded_lines": []}, "CustomTensorboardCallback._on_step": {"executed_lines": [], "summary": {"covered_lines": 0, "num_statements": 10, "percent_covered": 0.0, "percent_covered_display": "0", "missing_lines": 10, "excluded_lines": 0}, "missing_lines": [40, 42, 44, 45, 46, 47, 52, 53, 54, 56], "excluded_lines": []}, "": {"executed_lines": [], "summary": {"covered_lines": 0, "num_statements": 8, "percent_covered": 0.0, "percent_covered_display": "0", "missing_lines": 8, "excluded_lines": 0}, "missing_lines": [1, 2, 3, 4, 7, 12, 18, 35], "excluded_lines": []}}, "classes": {"CustomTensorboardCallback": {"executed_lines": [], "summary": {"covered_lines": 0, "num_statements": 13, "percent_covered": 0.0, "percent_covered_display": "0", "missing_lines": 13, "excluded_lines": 0}, "missing_lines": [13, 20, 33, 40, 42, 44, 45, 46, 47, 52, 53, 54, 56], "excluded_lines": []}, "": {"executed_lines": [], "summary": {"covered_lines": 0, "num_statements": 8, "percent_covered": 0.0, "percent_covered_display": "0", "missing_lines": 8, "excluded_lines": 0}, "missing_lines": [1, 2, 3, 4, 7, 12, 18, 35], "excluded_lines": []}}}, "src/collision_manager.py": {"executed_lines": [], "summary": {"covered_lines": 0, "num_statements": 18, "percent_covered": 0.0, "percent_covered_display": "0", "missing_lines": 18, "excluded_lines": 0}, "missing_lines": [1, 2, 5, 10, 14, 16, 24, 27, 28, 31, 32, 35, 38, 43, 45, 48, 49, 50], "excluded_lines": [], "functions": {"CollisionManager.__init__": {"executed_lines": [], "summary": {"covered_lines": 0, "num_statements": 1, "percent_covered": 0.0, "percent_covered_display": "0", "missing_lines": 1, "excluded_lines": 0}, "missing_lines": [14], "excluded_lines": []}, "CollisionManager.check_player_attack": {"executed_lines": [], "summary": {"covered_lines": 0, "num_statements": 12, "percent_covered": 0.0, "percent_covered_display": "0", "missing_lines": 12, "excluded_lines": 0}, "missing_lines": [24, 27, 28, 31, 32, 35, 38, 43, 45, 48, 49, 50], "excluded_lines": []}, "": {"executed_lines": [], "summary": {"covered_lines": 0, "num_statements": 5, "percent_covered": 0.0, "percent_covered_display": "0", "missing_lines": 5, "excluded_lines": 0}, "missing_lines": [1, 2, 5, 10, 16], "excluded_lines": []}}, "classes": {"CollisionManager": {"executed_lines": [], "summary": {"covered_lines": 0, "num_statements": 13, "percent_covered": 0.0, "percent_covered_display": "0", "missing_lines": 13, "excluded_lines": 0}, "missing_lines": [14, 24, 27, 28, 31, 32, 35, 38, 43, 45, 48, 49, 50], "excluded_lines": []}, "": {"executed_lines": [], "summary": {"covered_lines": 0, "num_statements": 5, "percent_covered": 0.0, "percent_covered_display": "0", "missing_lines": 5, "excluded_lines": 0}, "missing_lines": [1, 2, 5, 10, 16], "excluded_lines": []}}}, "src/constants.py": {"executed_lines": [4, 5, 6, 7, 10, 11, 12, 13, 14, 15, 16, 19, 20, 21, 22, 23, 24, 27, 28, 29, 30, 33, 36, 37, 38], "summary": {"covered_lines": 25, "num_statements": 25, "percent_covered": 100.0, "percent_covered_display": "100", "missing_lines": 0, "excluded_lines": 0}, "missing_lines": [], "excluded_lines": [], "functions": {"": {"executed_lines": [4, 5, 6, 7, 10, 11, 12, 13, 14, 15, 16, 19, 20, 21, 22, 23, 24, 27, 28, 29, 30, 33, 36, 37, 38], "summary": {"covered_lines": 25, "num_statements": 25, "percent_covered": 100.0, "percent_covered_display": "100", "missing_lines": 0, "excluded_lines": 0}, "missing_lines": [], "excluded_lines": []}}, "classes": {"": {"executed_lines": [4, 5, 6, 7, 10, 11, 12, 13, 14, 15, 16, 19, 20, 21, 22, 23, 24, 27, 28, 29, 30, 33, 36, 37, 38], "summary": {"covered_lines": 25, "num_statements": 25, "percent_covered": 100.0, "percent_covered_display": "100", "missing_lines": 0, "excluded_lines": 0}, "missing_lines": [], "excluded_lines": []}}}, "src/controllers/__init__.py": {"executed_lines": [], "summary": {"covered_lines": 0, "num_statements": 0, "percent_covered": 100.0, "percent_covered_display": "100", "missing_lines": 0, "excluded_lines": 0}, "missing_lines": [], "excluded_lines": [], "functions": {"": {"executed_lines": [], "summary": {"covered_lines": 0, "num_statements": 0, "percent_covered": 100.0, "percent_covered_display": "100", "missing_lines": 0, "excluded_lines": 0}, "missing_lines": [], "excluded_lines": []}}, "classes": {"": {"executed_lines": [], "summary": {"covered_lines": 0, "num_statements": 0, "percent_covered": 100.0, "percent_covered_display": "100", "missing_lines": 0, "excluded_lines": 0}, "missing_lines": [], "excluded_lines": []}}}, "src/controllers/ai_controller.py": {"executed_lines": [], "summary": {"covered_lines": 0, "num_statements": 59, "percent_covered": 0.0, "percent_covered_display": "0", "missing_lines": 59, "excluded_lines": 0}, "missing_lines": [1, 3, 4, 5, 8, 13, 21, 22, 23, 24, 26, 33, 34, 35, 36, 37, 42, 43, 45, 47, 56, 60, 61, 62, 65, 66, 69, 70, 73, 74, 75, 76, 77, 78, 80, 81, 82, 83, 85, 87, 88, 89, 90, 91, 92, 94, 95, 97, 99, 100, 102, 109, 110, 111, 112, 113, 114, 115, 116], "excluded_lines": [], "functions": {"AIController.__init__": {"executed_lines": [], "summary": {"covered_lines": 0, "num_statements": 4, "percent_covered": 0.0, "percent_covered_display": "0", "missing_lines": 4, "excluded_lines": 0}, "missing_lines": [21, 22, 23, 24], "excluded_lines": []}, "AIController.update": {"executed_lines": [], "summary": {"covered_lines": 0, "num_statements": 8, "percent_covered": 0.0, "percent_covered_display": "0", "missing_lines": 8, "excluded_lines": 0}, "missing_lines": [33, 34, 35, 36, 37, 42, 43, 45], "excluded_lines": []}, "AIController._decide_action": {"executed_lines": [], "summary": {"covered_lines": 0, "num_statements": 30, "percent_covered": 0.0, "percent_covered_display": "0", "missing_lines": 30, "excluded_lines": 0}, "missing_lines": [56, 60, 61, 62, 65, 66, 69, 70, 73, 74, 75, 76, 77, 78, 80, 81, 82, 83, 85, 87, 88, 89, 90, 91, 92, 94, 95, 97, 99, 100], "excluded_lines": []}, "AIController._apply_action": {"executed_lines": [], "summary": {"covered_lines": 0, "num_statements": 8, "percent_covered": 0.0, "percent_covered_display": "0", "missing_lines": 8, "excluded_lines": 0}, "missing_lines": [109, 110, 111, 112, 113, 114, 115, 116], "excluded_lines": []}, "": {"executed_lines": [], "summary": {"covered_lines": 0, "num_statements": 9, "percent_covered": 0.0, "percent_covered_display": "0", "missing_lines": 9, "excluded_lines": 0}, "missing_lines": [1, 3, 4, 5, 8, 13, 26, 47, 102], "excluded_lines": []}}, "classes": {"AIController": {"executed_lines": [], "summary": {"covered_lines": 0, "num_statements": 50, "percent_covered": 0.0, "percent_covered_display": "0", "missing_lines": 50, "excluded_lines": 0}, "missing_lines": [21, 22, 23, 24, 33, 34, 35, 36, 37, 42, 43, 45, 56, 60, 61, 62, 65, 66, 69, 70, 73, 74, 75, 76, 77, 78, 80, 81, 82, 83, 85, 87, 88, 89, 90, 91, 92, 94, 95, 97, 99, 100, 109, 110, 111, 112, 113, 114, 115, 116], "excluded_lines": []}, "": {"executed_lines": [], "summary": {"covered_lines": 0, "num_statements": 9, "percent_covered": 0.0, "percent_covered_display": "0", "missing_lines": 9, "excluded_lines": 0}, "missing_lines": [1, 3, 4, 5, 8, 13, 26, 47, 102], "excluded_lines": []}}}, "src/controllers/ai_fighter.py": {"executed_lines": [], "summary": {"covered_lines": 0, "num_statements": 15, "percent_covered": 0.0, "percent_covered_display": "0", "missing_lines": 15, "excluded_lines": 0}, "missing_lines": [1, 4, 10, 16, 23, 25, 29, 30, 31, 32, 35, 36, 38, 41, 42], "excluded_lines": [], "functions": {"AIFighter.convert_pose_to_commands": {"executed_lines": [], "summary": {"covered_lines": 0, "num_statements": 2, "percent_covered": 0.0, "percent_covered_display": "0", "missing_lines": 2, "excluded_lines": 0}, "missing_lines": [16, 23], "excluded_lines": []}, "AIFighter.write_commands_to_file": {"executed_lines": [], "summary": {"covered_lines": 0, "num_statements": 4, "percent_covered": 0.0, "percent_covered_display": "0", "missing_lines": 4, "excluded_lines": 0}, "missing_lines": [29, 30, 31, 32], "excluded_lines": []}, "": {"executed_lines": [], "summary": {"covered_lines": 0, "num_statements": 9, "percent_covered": 0.0, "percent_covered_display": "0", "missing_lines": 9, "excluded_lines": 0}, "missing_lines": [1, 4, 10, 25, 35, 36, 38, 41, 42], "excluded_lines": []}}, "classes": {"AIFighter": {"executed_lines": [], "summary": {"covered_lines": 0, "num_statements": 6, "percent_covered": 0.0, "percent_covered_display": "0", "missing_lines": 6, "excluded_lines": 0}, "missing_lines": [16, 23, 29, 30, 31, 32], "excluded_lines": []}, "": {"executed_lines": [], "summary": {"covered_lines": 0, "num_statements": 9, "percent_covered": 0.0, "percent_covered_display": "0", "missing_lines": 9, "excluded_lines": 0}, "missing_lines": [1, 4, 10, 25, 35, 36, 38, 41, 42], "excluded_lines": []}}}, "src/controllers/pose_extractor.py": {"executed_lines": [], "summary": {"covered_lines": 0, "num_statements": 59, "percent_covered": 0.0, "percent_covered_display": "0", "missing_lines": 59, "excluded_lines": 0}, "missing_lines": [1, 2, 4, 5, 8, 13, 14, 15, 21, 23, 41, 42, 43, 44, 46, 47, 49, 50, 52, 54, 55, 56, 57, 60, 61, 63, 64, 65, 66, 75, 79, 81, 82, 87, 88, 89, 91, 92, 93, 95, 96, 99, 107, 108, 110, 111, 113, 114, 115, 116, 117, 118, 119, 120, 123, 127, 128, 130, 131], "excluded_lines": [], "functions": {"PoseExtractor.__init__": {"executed_lines": [], "summary": {"covered_lines": 0, "num_statements": 3, "percent_covered": 0.0, "percent_covered_display": "0", "missing_lines": 3, "excluded_lines": 0}, "missing_lines": [14, 15, 21], "excluded_lines": []}, "PoseExtractor.extract_from_video": {"executed_lines": [], "summary": {"covered_lines": 0, "num_statements": 44, "percent_covered": 0.0, "percent_covered_display": "0", "missing_lines": 44, "excluded_lines": 0}, "missing_lines": [41, 42, 43, 44, 46, 47, 49, 50, 52, 54, 55, 56, 57, 60, 61, 63, 64, 65, 66, 75, 79, 81, 82, 87, 88, 89, 91, 92, 93, 95, 96, 99, 107, 108, 110, 111, 113, 114, 115, 116, 117, 118, 119, 120], "excluded_lines": []}, "": {"executed_lines": [], "summary": {"covered_lines": 0, "num_statements": 12, "percent_covered": 0.0, "percent_covered_display": "0", "missing_lines": 12, "excluded_lines": 0}, "missing_lines": [1, 2, 4, 5, 8, 13, 23, 123, 127, 128, 130, 131], "excluded_lines": []}}, "classes": {"PoseExtractor": {"executed_lines": [], "summary": {"covered_lines": 0, "num_statements": 47, "percent_covered": 0.0, "percent_covered_display": "0", "missing_lines": 47, "excluded_lines": 0}, "missing_lines": [14, 15, 21, 41, 42, 43, 44, 46, 47, 49, 50, 52, 54, 55, 56, 57, 60, 61, 63, 64, 65, 66, 75, 79, 81, 82, 87, 88, 89, 91, 92, 93, 95, 96, 99, 107, 108, 110, 111, 113, 114, 115, 116, 117, 118, 119, 120], "excluded_lines": []}, "": {"executed_lines": [], "summary": {"covered_lines": 0, "num_statements": 12, "percent_covered": 0.0, "percent_covered_display": "0", "missing_lines": 12, "excluded_lines": 0}, "missing_lines": [1, 2, 4, 5, 8, 13, 23, 123, 127, 128, 130, 131], "excluded_lines": []}}}, "src/fighting_env.py": {"executed_lines": [1, 2, 3, 4, 5, 6, 7, 9, 10, 11, 14, 15, 18, 19, 24, 26, 27, 28, 29, 30, 34, 38, 42, 43, 45, 57, 60, 65, 66, 69, 71, 88, 143, 144, 146, 147, 150, 151, 153, 155, 159, 167, 175, 182, 186, 187, 189, 190], "summary": {"covered_lines": 47, "num_statements": 95, "percent_covered": 49.473684210526315, "percent_covered_display": "49", "missing_lines": 48, "excluded_lines": 0}, "missing_lines": [47, 48, 49, 53, 54, 75, 76, 77, 78, 79, 81, 84, 85, 86, 89, 90, 91, 92, 94, 95, 98, 99, 100, 101, 102, 105, 109, 113, 117, 118, 119, 122, 128, 130, 132, 133, 135, 156, 160, 162, 163, 165, 168, 169, 170, 179, 180, 188], "excluded_lines": [], "functions": {"FightingEnv.__init__": {"executed_lines": [27, 28, 29, 30, 34, 38, 42, 43, 45, 57, 60, 65, 66, 69], "summary": {"covered_lines": 14, "num_statements": 19, "percent_covered": 73.6842105263158, "percent_covered_display": "74", "missing_lines": 5, "excluded_lines": 0}, "missing_lines": [47, 48, 49, 53, 54], "excluded_lines": []}, "FightingEnv.wait_for_connection": {"executed_lines": [], "summary": {"covered_lines": 0, "num_statements": 9, "percent_covered": 0.0, "percent_covered_display": "0", "missing_lines": 9, "excluded_lines": 0}, "missing_lines": [75, 76, 77, 78, 79, 81, 84, 85, 86], "excluded_lines": []}, "FightingEnv.step": {"executed_lines": [], "summary": {"covered_lines": 0, "num_statements": 23, "percent_covered": 0.0, "percent_covered_display": "0", "missing_lines": 23, "excluded_lines": 0}, "missing_lines": [89, 90, 91, 92, 94, 95, 98, 99, 100, 101, 102, 105, 109, 113, 117, 118, 119, 122, 128, 130, 132, 133, 135], "excluded_lines": []}, "FightingEnv.reset": {"executed_lines": [144, 146, 147, 150, 151, 153, 155, 159, 167], "summary": {"covered_lines": 9, "num_statements": 17, "percent_covered": 52.94117647058823, "percent_covered_display": "53", "missing_lines": 8, "excluded_lines": 0}, "missing_lines": [156, 160, 162, 163, 165, 168, 169, 170], "excluded_lines": []}, "FightingEnv.render": {"executed_lines": [], "summary": {"covered_lines": 0, "num_statements": 2, "percent_covered": 0.0, "percent_covered_display": "0", "missing_lines": 2, "excluded_lines": 0}, "missing_lines": [179, 180], "excluded_lines": []}, "FightingEnv.close": {"executed_lines": [186, 187, 189, 190], "summary": {"covered_lines": 4, "num_statements": 5, "percent_covered": 80.0, "percent_covered_display": "80", "missing_lines": 1, "excluded_lines": 0}, "missing_lines": [188], "excluded_lines": []}, "": {"executed_lines": [1, 2, 3, 4, 5, 6, 7, 9, 10, 11, 14, 15, 18, 19, 24, 26, 71, 88, 143, 175, 182], "summary": {"covered_lines": 20, "num_statements": 20, "percent_covered": 100.0, "percent_covered_display": "100", "missing_lines": 0, "excluded_lines": 0}, "missing_lines": [], "excluded_lines": []}}, "classes": {"FightingEnv": {"executed_lines": [27, 28, 29, 30, 34, 38, 42, 43, 45, 57, 60, 65, 66, 69, 144, 146, 147, 150, 151, 153, 155, 159, 167, 186, 187, 189, 190], "summary": {"covered_lines": 27, "num_statements": 75, "percent_covered": 36.0, "percent_covered_display": "36", "missing_lines": 48, "excluded_lines": 0}, "missing_lines": [47, 48, 49, 53, 54, 75, 76, 77, 78, 79, 81, 84, 85, 86, 89, 90, 91, 92, 94, 95, 98, 99, 100, 101, 102, 105, 109, 113, 117, 118, 119, 122, 128, 130, 132, 133, 135, 156, 160, 162, 163, 165, 168, 169, 170, 179, 180, 188], "excluded_lines": []}, "": {"executed_lines": [1, 2, 3, 4, 5, 6, 7, 9, 10, 11, 14, 15, 18, 19, 24, 26, 71, 88, 143, 175, 182], "summary": {"covered_lines": 20, "num_statements": 20, "percent_covered": 100.0, "percent_covered_display": "100", "missing_lines": 0, "excluded_lines": 0}, "missing_lines": [], "excluded_lines": []}}}, "src/game.py": {"executed_lines": [], "summary": {"covered_lines": 0, "num_statements": 95, "percent_covered": 0.0, "percent_covered_display": "0", "missing_lines": 95, "excluded_lines": 0}, "missing_lines": [1, 3, 4, 5, 11, 14, 19, 29, 30, 31, 32, 33, 34, 37, 38, 39, 43, 44, 46, 49, 58, 59, 60, 61, 64, 68, 71, 79, 83, 85, 89, 90, 91, 92, 93, 94, 95, 97, 99, 103, 104, 105, 106, 107, 108, 109, 110, 111, 112, 113, 114, 115, 118, 119, 120, 121, 122, 126, 127, 129, 136, 137, 140, 141, 142, 143, 144, 145, 146, 147, 148, 152, 153, 154, 157, 158, 161, 163, 176, 179, 180, 183, 187, 191, 193, 194, 197, 200, 207, 209, 213, 214, 216, 220, 221], "excluded_lines": [], "functions": {"Game.__init__": {"executed_lines": [], "summary": {"covered_lines": 0, "num_statements": 17, "percent_covered": 0.0, "percent_covered_display": "0", "missing_lines": 17, "excluded_lines": 0}, "missing_lines": [29, 30, 31, 32, 33, 34, 37, 38, 39, 43, 44, 46, 49, 58, 59, 60, 61], "excluded_lines": []}, "Game.reset_game_state": {"executed_lines": [], "summary": {"covered_lines": 0, "num_statements": 4, "percent_covered": 0.0, "percent_covered_display": "0", "missing_lines": 4, "excluded_lines": 0}, "missing_lines": [68, 71, 79, 83], "excluded_lines": []}, "Game.run": {"executed_lines": [], "summary": {"covered_lines": 0, "num_statements": 8, "percent_covered": 0.0, "percent_covered_display": "0", "missing_lines": 8, "excluded_lines": 0}, "missing_lines": [89, 90, 91, 92, 93, 94, 95, 97], "excluded_lines": []}, "Game._handle_input": {"executed_lines": [], "summary": {"covered_lines": 0, "num_statements": 20, "percent_covered": 0.0, "percent_covered_display": "0", "missing_lines": 20, "excluded_lines": 0}, "missing_lines": [103, 104, 105, 106, 107, 108, 109, 110, 111, 112, 113, 114, 115, 118, 119, 120, 121, 122, 126, 127], "excluded_lines": []}, "Game._update": {"executed_lines": [], "summary": {"covered_lines": 0, "num_statements": 17, "percent_covered": 0.0, "percent_covered_display": "0", "missing_lines": 17, "excluded_lines": 0}, "missing_lines": [136, 137, 140, 141, 142, 143, 144, 145, 146, 147, 148, 152, 153, 154, 157, 158, 161], "excluded_lines": []}, "Game._draw_health_bar": {"executed_lines": [], "summary": {"covered_lines": 0, "num_statements": 4, "percent_covered": 0.0, "percent_covered_display": "0", "missing_lines": 4, "excluded_lines": 0}, "missing_lines": [176, 179, 180, 183], "excluded_lines": []}, "Game._draw": {"executed_lines": [], "summary": {"covered_lines": 0, "num_statements": 6, "percent_covered": 0.0, "percent_covered_display": "0", "missing_lines": 6, "excluded_lines": 0}, "missing_lines": [191, 193, 194, 197, 200, 207], "excluded_lines": []}, "Game.render": {"executed_lines": [], "summary": {"covered_lines": 0, "num_statements": 2, "percent_covered": 0.0, "percent_covered_display": "0", "missing_lines": 2, "excluded_lines": 0}, "missing_lines": [213, 214], "excluded_lines": []}, "Game.close": {"executed_lines": [], "summary": {"covered_lines": 0, "num_statements": 2, "percent_covered": 0.0, "percent_covered_display": "0", "missing_lines": 2, "excluded_lines": 0}, "missing_lines": [220, 221], "excluded_lines": []}, "": {"executed_lines": [], "summary": {"covered_lines": 0, "num_statements": 15, "percent_covered": 0.0, "percent_covered_display": "0", "missing_lines": 15, "excluded_lines": 0}, "missing_lines": [1, 3, 4, 5, 11, 14, 19, 64, 85, 99, 129, 163, 187, 209, 216], "excluded_lines": []}}, "classes": {"Game": {"executed_lines": [], "summary": {"covered_lines": 0, "num_statements": 80, "percent_covered": 0.0, "percent_covered_display": "0", "missing_lines": 80, "excluded_lines": 0}, "missing_lines": [29, 30, 31, 32, 33, 34, 37, 38, 39, 43, 44, 46, 49, 58, 59, 60, 61, 68, 71, 79, 83, 89, 90, 91, 92, 93, 94, 95, 97, 103, 104, 105, 106, 107, 108, 109, 110, 111, 112, 113, 114, 115, 118, 119, 120, 121, 122, 126, 127, 136, 137, 140, 141, 142, 143, 144, 145, 146, 147, 148, 152, 153, 154, 157, 158, 161, 176, 179, 180, 183, 191, 193, 194, 197, 200, 207, 213, 214, 220, 221], "excluded_lines": []}, "": {"executed_lines": [], "summary": {"covered_lines": 0, "num_statements": 15, "percent_covered": 0.0, "percent_covered_display": "0", "missing_lines": 15, "excluded_lines": 0}, "missing_lines": [1, 3, 4, 5, 11, 14, 19, 64, 85, 99, 129, 163, 187, 209, 216], "excluded_lines": []}}}, "src/game_engine/__init__.py": {"executed_lines": [1, 8, 9, 10, 11, 12, 17], "summary": {"covered_lines": 6, "num_statements": 6, "percent_covered": 100.0, "percent_covered_display": "100", "missing_lines": 0, "excluded_lines": 0}, "missing_lines": [], "excluded_lines": [], "functions": {"": {"executed_lines": [1, 8, 9, 10, 11, 12, 17], "summary": {"covered_lines": 6, "num_statements": 6, "percent_covered": 100.0, "percent_covered_display": "100", "missing_lines": 0, "excluded_lines": 0}, "missing_lines": [], "excluded_lines": []}}, "classes": {"": {"executed_lines": [1, 8, 9, 10, 11, 12, 17], "summary": {"covered_lines": 6, "num_statements": 6, "percent_covered": 100.0, "percent_covered_display": "100", "missing_lines": 0, "excluded_lines": 0}, "missing_lines": [], "excluded_lines": []}}}, "src/game_engine/collision.py": {"executed_lines": [1, 2, 5, 6, 10, 16], "summary": {"covered_lines": 5, "num_statements": 18, "percent_covered": 27.77777777777778, "percent_covered_display": "28", "missing_lines": 13, "excluded_lines": 0}, "missing_lines": [14, 24, 27, 28, 31, 32, 35, 38, 43, 45, 48, 49, 50], "excluded_lines": [], "functions": {"CollisionManager.__init__": {"executed_lines": [], "summary": {"covered_lines": 0, "num_statements": 1, "percent_covered": 0.0, "percent_covered_display": "0", "missing_lines": 1, "excluded_lines": 0}, "missing_lines": [14], "excluded_lines": []}, "CollisionManager.check_player_attack": {"executed_lines": [], "summary": {"covered_lines": 0, "num_statements": 12, "percent_covered": 0.0, "percent_covered_display": "0", "missing_lines": 12, "excluded_lines": 0}, "missing_lines": [24, 27, 28, 31, 32, 35, 38, 43, 45, 48, 49, 50], "excluded_lines": []}, "": {"executed_lines": [1, 2, 5, 6, 10, 16], "summary": {"covered_lines": 5, "num_statements": 5, "percent_covered": 100.0, "percent_covered_display": "100", "missing_lines": 0, "excluded_lines": 0}, "missing_lines": [], "excluded_lines": []}}, "classes": {"CollisionManager": {"executed_lines": [], "summary": {"covered_lines": 0, "num_statements": 13, "percent_covered": 0.0, "percent_covered_display": "0", "missing_lines": 13, "excluded_lines": 0}, "missing_lines": [14, 24, 27, 28, 31, 32, 35, 38, 43, 45, 48, 49, 50], "excluded_lines": []}, "": {"executed_lines": [1, 2, 5, 6, 10, 16], "summary": {"covered_lines": 5, "num_statements": 5, "percent_covered": 100.0, "percent_covered_display": "100", "missing_lines": 0, "excluded_lines": 0}, "missing_lines": [], "excluded_lines": []}}}, "src/game_engine/game.py": {"executed_lines": [1, 3, 4, 5, 11, 14, 15, 19, 64, 85, 99, 129, 163, 187, 209, 216], "summary": {"covered_lines": 15, "num_statements": 95, "percent_covered": 15.789473684210526, "percent_covered_display": "16", "missing_lines": 80, "excluded_lines": 0}, "missing_lines": [29, 30, 31, 32, 33, 34, 37, 38, 39, 43, 44, 46, 49, 58, 59, 60, 61, 68, 71, 79, 83, 89, 90, 91, 92, 93, 94, 95, 97, 103, 104, 105, 106, 107, 108, 109, 110, 111, 112, 113, 114, 115, 118, 119, 120, 121, 122, 126, 127, 136, 137, 140, 141, 142, 143, 144, 145, 146, 147, 148, 152, 153, 154, 157, 158, 161, 176, 179, 180, 183, 191, 193, 194, 197, 200, 207, 213, 214, 220, 221], "excluded_lines": [], "functions": {"Game.__init__": {"executed_lines": [], "summary": {"covered_lines": 0, "num_statements": 17, "percent_covered": 0.0, "percent_covered_display": "0", "missing_lines": 17, "excluded_lines": 0}, "missing_lines": [29, 30, 31, 32, 33, 34, 37, 38, 39, 43, 44, 46, 49, 58, 59, 60, 61], "excluded_lines": []}, "Game.reset_game_state": {"executed_lines": [], "summary": {"covered_lines": 0, "num_statements": 4, "percent_covered": 0.0, "percent_covered_display": "0", "missing_lines": 4, "excluded_lines": 0}, "missing_lines": [68, 71, 79, 83], "excluded_lines": []}, "Game.run": {"executed_lines": [], "summary": {"covered_lines": 0, "num_statements": 8, "percent_covered": 0.0, "percent_covered_display": "0", "missing_lines": 8, "excluded_lines": 0}, "missing_lines": [89, 90, 91, 92, 93, 94, 95, 97], "excluded_lines": []}, "Game._handle_input": {"executed_lines": [], "summary": {"covered_lines": 0, "num_statements": 20, "percent_covered": 0.0, "percent_covered_display": "0", "missing_lines": 20, "excluded_lines": 0}, "missing_lines": [103, 104, 105, 106, 107, 108, 109, 110, 111, 112, 113, 114, 115, 118, 119, 120, 121, 122, 126, 127], "excluded_lines": []}, "Game._update": {"executed_lines": [], "summary": {"covered_lines": 0, "num_statements": 17, "percent_covered": 0.0, "percent_covered_display": "0", "missing_lines": 17, "excluded_lines": 0}, "missing_lines": [136, 137, 140, 141, 142, 143, 144, 145, 146, 147, 148, 152, 153, 154, 157, 158, 161], "excluded_lines": []}, "Game._draw_health_bar": {"executed_lines": [], "summary": {"covered_lines": 0, "num_statements": 4, "percent_covered": 0.0, "percent_covered_display": "0", "missing_lines": 4, "excluded_lines": 0}, "missing_lines": [176, 179, 180, 183], "excluded_lines": []}, "Game._draw": {"executed_lines": [], "summary": {"covered_lines": 0, "num_statements": 6, "percent_covered": 0.0, "percent_covered_display": "0", "missing_lines": 6, "excluded_lines": 0}, "missing_lines": [191, 193, 194, 197, 200, 207], "excluded_lines": []}, "Game.render": {"executed_lines": [], "summary": {"covered_lines": 0, "num_statements": 2, "percent_covered": 0.0, "percent_covered_display": "0", "missing_lines": 2, "excluded_lines": 0}, "missing_lines": [213, 214], "excluded_lines": []}, "Game.close": {"executed_lines": [], "summary": {"covered_lines": 0, "num_statements": 2, "percent_covered": 0.0, "percent_covered_display": "0", "missing_lines": 2, "excluded_lines": 0}, "missing_lines": [220, 221], "excluded_lines": []}, "": {"executed_lines": [1, 3, 4, 5, 11, 14, 15, 19, 64, 85, 99, 129, 163, 187, 209, 216], "summary": {"covered_lines": 15, "num_statements": 15, "percent_covered": 100.0, "percent_covered_display": "100", "missing_lines": 0, "excluded_lines": 0}, "missing_lines": [], "excluded_lines": []}}, "classes": {"Game": {"executed_lines": [], "summary": {"covered_lines": 0, "num_statements": 80, "percent_covered": 0.0, "percent_covered_display": "0", "missing_lines": 80, "excluded_lines": 0}, "missing_lines": [29, 30, 31, 32, 33, 34, 37, 38, 39, 43, 44, 46, 49, 58, 59, 60, 61, 68, 71, 79, 83, 89, 90, 91, 92, 93, 94, 95, 97, 103, 104, 105, 106, 107, 108, 109, 110, 111, 112, 113, 114, 115, 118, 119, 120, 121, 122, 126, 127, 136, 137, 140, 141, 142, 143, 144, 145, 146, 147, 148, 152, 153, 154, 157, 158, 161, 176, 179, 180, 183, 191, 193, 194, 197, 200, 207, 213, 214, 220, 221], "excluded_lines": []}, "": {"executed_lines": [1, 3, 4, 5, 11, 14, 15, 19, 64, 85, 99, 129, 163, 187, 209, 216], "summary": {"covered_lines": 15, "num_statements": 15, "percent_covered": 100.0, "percent_covered_display": "100", "missing_lines": 0, "excluded_lines": 0}, "missing_lines": [], "excluded_lines": []}}}, "src/game_engine/hitbox.py": {"executed_lines": [1, 4, 5, 14, 25, 26, 27, 29, 47], "summary": {"covered_lines": 8, "num_statements": 15, "percent_covered": 53.333333333333336, "percent_covered_display": "53", "missing_lines": 7, "excluded_lines": 0}, "missing_lines": [41, 42, 44, 45, 48, 51, 54], "excluded_lines": [], "functions": {"Hitbox.__init__": {"executed_lines": [25, 26, 27], "summary": {"covered_lines": 3, "num_statements": 3, "percent_covered": 100.0, "percent_covered_display": "100", "missing_lines": 0, "excluded_lines": 0}, "missing_lines": [], "excluded_lines": []}, "Hitbox.update_position": {"executed_lines": [], "summary": {"covered_lines": 0, "num_statements": 4, "percent_covered": 0.0, "percent_covered_display": "0", "missing_lines": 4, "excluded_lines": 0}, "missing_lines": [41, 42, 44, 45], "excluded_lines": []}, "Hitbox.is_colliding": {"executed_lines": [], "summary": {"covered_lines": 0, "num_statements": 3, "percent_covered": 0.0, "percent_covered_display": "0", "missing_lines": 3, "excluded_lines": 0}, "missing_lines": [48, 51, 54], "excluded_lines": []}, "": {"executed_lines": [1, 4, 5, 14, 29, 47], "summary": {"covered_lines": 5, "num_statements": 5, "percent_covered": 100.0, "percent_covered_display": "100", "missing_lines": 0, "excluded_lines": 0}, "missing_lines": [], "excluded_lines": []}}, "classes": {"Hitbox": {"executed_lines": [25, 26, 27], "summary": {"covered_lines": 3, "num_statements": 10, "percent_covered": 30.0, "percent_covered_display": "30", "missing_lines": 7, "excluded_lines": 0}, "missing_lines": [41, 42, 44, 45, 48, 51, 54], "excluded_lines": []}, "": {"executed_lines": [1, 4, 5, 14, 29, 47], "summary": {"covered_lines": 5, "num_statements": 5, "percent_covered": 100.0, "percent_covered_display": "100", "missing_lines": 0, "excluded_lines": 0}, "missing_lines": [], "excluded_lines": []}}}, "src/game_engine/interfaces.py": {"executed_lines": [1, 3, 6, 50], "summary": {"covered_lines": 4, "num_statements": 20, "percent_covered": 20.0, "percent_covered_display": "20", "missing_lines": 16, "excluded_lines": 0}, "missing_lines": [18, 47, 59, 60, 61, 62, 63, 64, 65, 66, 67, 68, 69, 70, 71, 72], "excluded_lines": [], "functions": {"get_game_state": {"executed_lines": [], "summary": {"covered_lines": 0, "num_statements": 2, "percent_covered": 0.0, "percent_covered_display": "0", "missing_lines": 2, "excluded_lines": 0}, "missing_lines": [18, 47], "excluded_lines": []}, "apply_ai_action": {"executed_lines": [], "summary": {"covered_lines": 0, "num_statements": 14, "percent_covered": 0.0, "percent_covered_display": "0", "missing_lines": 14, "excluded_lines": 0}, "missing_lines": [59, 60, 61, 62, 63, 64, 65, 66, 67, 68, 69, 70, 71, 72], "excluded_lines": []}, "": {"executed_lines": [1, 3, 6, 50], "summary": {"covered_lines": 4, "num_statements": 4, "percent_covered": 100.0, "percent_covered_display": "100", "missing_lines": 0, "excluded_lines": 0}, "missing_lines": [], "excluded_lines": []}}, "classes": {"": {"executed_lines": [1, 3, 6, 50], "summary": {"covered_lines": 4, "num_statements": 20, "percent_covered": 20.0, "percent_covered_display": "20", "missing_lines": 16, "excluded_lines": 0}, "missing_lines": [18, 47, 59, 60, 61, 62, 63, 64, 65, 66, 67, 68, 69, 70, 71, 72], "excluded_lines": []}}}, "src/game_engine/player.py": {"executed_lines": [1, 3, 5, 10, 13, 14, 34, 84, 98, 107, 121, 130, 156, 263], "summary": {"covered_lines": 13, "num_statements": 138, "percent_covered": 9.420289855072463, "percent_covered_display": "9", "missing_lines": 125, "excluded_lines": 0}, "missing_lines": [54, 55, 56, 57, 58, 59, 60, 61, 62, 63, 64, 65, 68, 69, 73, 76, 78, 79, 80, 81, 82, 91, 92, 93, 94, 102, 103, 104, 105, 111, 112, 113, 114, 115, 116, 117, 125, 126, 127, 128, 137, 138, 139, 140, 141, 145, 146, 147, 150, 151, 152, 153, 164, 168, 169, 170, 171, 172, 175, 176, 179, 180, 181, 182, 183, 184, 185, 189, 190, 191, 192, 193, 197, 198, 201, 202, 203, 204, 207, 208, 209, 210, 211, 212, 213, 216, 219, 221, 222, 223, 224, 225, 226, 227, 232, 237, 243, 244, 247, 248, 249, 250, 251, 254, 255, 261, 271, 272, 273, 274, 275, 276, 277, 279, 282, 283, 286, 289, 290, 291, 303, 314, 317, 318, 319], "excluded_lines": [], "functions": {"Player.__init__": {"executed_lines": [], "summary": {"covered_lines": 0, "num_statements": 21, "percent_covered": 0.0, "percent_covered_display": "0", "missing_lines": 21, "excluded_lines": 0}, "missing_lines": [54, 55, 56, 57, 58, 59, 60, 61, 62, 63, 64, 65, 68, 69, 73, 76, 78, 79, 80, 81, 82], "excluded_lines": []}, "Player.move": {"executed_lines": [], "summary": {"covered_lines": 0, "num_statements": 4, "percent_covered": 0.0, "percent_covered_display": "0", "missing_lines": 4, "excluded_lines": 0}, "missing_lines": [91, 92, 93, 94], "excluded_lines": []}, "Player.jump": {"executed_lines": [], "summary": {"covered_lines": 0, "num_statements": 4, "percent_covered": 0.0, "percent_covered_display": "0", "missing_lines": 4, "excluded_lines": 0}, "missing_lines": [102, 103, 104, 105], "excluded_lines": []}, "Player.attack": {"executed_lines": [], "summary": {"covered_lines": 0, "num_statements": 7, "percent_covered": 0.0, "percent_covered_display": "0", "missing_lines": 7, "excluded_lines": 0}, "missing_lines": [111, 112, 113, 114, 115, 116, 117], "excluded_lines": []}, "Player.guard": {"executed_lines": [], "summary": {"covered_lines": 0, "num_statements": 4, "percent_covered": 0.0, "percent_covered_display": "0", "missing_lines": 4, "excluded_lines": 0}, "missing_lines": [125, 126, 127, 128], "excluded_lines": []}, "Player.take_damage": {"executed_lines": [], "summary": {"covered_lines": 0, "num_statements": 12, "percent_covered": 0.0, "percent_covered_display": "0", "missing_lines": 12, "excluded_lines": 0}, "missing_lines": [137, 138, 139, 140, 141, 145, 146, 147, 150, 151, 152, 153], "excluded_lines": []}, "Player.update": {"executed_lines": [], "summary": {"covered_lines": 0, "num_statements": 54, "percent_covered": 0.0, "percent_covered_display": "0", "missing_lines": 54, "excluded_lines": 0}, "missing_lines": [164, 168, 169, 170, 171, 172, 175, 176, 179, 180, 181, 182, 183, 184, 185, 189, 190, 191, 192, 193, 197, 198, 201, 202, 203, 204, 207, 208, 209, 210, 211, 212, 213, 216, 219, 221, 222, 223, 224, 225, 226, 227, 232, 237, 243, 244, 247, 248, 249, 250, 251, 254, 255, 261], "excluded_lines": []}, "Player.draw": {"executed_lines": [], "summary": {"covered_lines": 0, "num_statements": 19, "percent_covered": 0.0, "percent_covered_display": "0", "missing_lines": 19, "excluded_lines": 0}, "missing_lines": [271, 272, 273, 274, 275, 276, 277, 279, 282, 283, 286, 289, 290, 291, 303, 314, 317, 318, 319], "excluded_lines": []}, "": {"executed_lines": [1, 3, 5, 10, 13, 14, 34, 84, 98, 107, 121, 130, 156, 263], "summary": {"covered_lines": 13, "num_statements": 13, "percent_covered": 100.0, "percent_covered_display": "100", "missing_lines": 0, "excluded_lines": 0}, "missing_lines": [], "excluded_lines": []}}, "classes": {"Player": {"executed_lines": [], "summary": {"covered_lines": 0, "num_statements": 125, "percent_covered": 0.0, "percent_covered_display": "0", "missing_lines": 125, "excluded_lines": 0}, "missing_lines": [54, 55, 56, 57, 58, 59, 60, 61, 62, 63, 64, 65, 68, 69, 73, 76, 78, 79, 80, 81, 82, 91, 92, 93, 94, 102, 103, 104, 105, 111, 112, 113, 114, 115, 116, 117, 125, 126, 127, 128, 137, 138, 139, 140, 141, 145, 146, 147, 150, 151, 152, 153, 164, 168, 169, 170, 171, 172, 175, 176, 179, 180, 181, 182, 183, 184, 185, 189, 190, 191, 192, 193, 197, 198, 201, 202, 203, 204, 207, 208, 209, 210, 211, 212, 213, 216, 219, 221, 222, 223, 224, 225, 226, 227, 232, 237, 243, 244, 247, 248, 249, 250, 251, 254, 255, 261, 271, 272, 273, 274, 275, 276, 277, 279, 282, 283, 286, 289, 290, 291, 303, 314, 317, 318, 319], "excluded_lines": []}, "": {"executed_lines": [1, 3, 5, 10, 13, 14, 34, 84, 98, 107, 121, 130, 156, 263], "summary": {"covered_lines": 13, "num_statements": 13, "percent_covered": 100.0, "percent_covered_display": "100", "missing_lines": 0, "excluded_lines": 0}, "missing_lines": [], "excluded_lines": []}}}, "src/hitbox.py": {"executed_lines": [1, 4, 5, 14, 25, 26, 27, 29, 41, 42, 44, 45, 47, 48, 51, 54], "summary": {"covered_lines": 15, "num_statements": 15, "percent_covered": 100.0, "percent_covered_display": "100", "missing_lines": 0, "excluded_lines": 0}, "missing_lines": [], "excluded_lines": [], "functions": {"Hitbox.__init__": {"executed_lines": [25, 26, 27], "summary": {"covered_lines": 3, "num_statements": 3, "percent_covered": 100.0, "percent_covered_display": "100", "missing_lines": 0, "excluded_lines": 0}, "missing_lines": [], "excluded_lines": []}, "Hitbox.update_position": {"executed_lines": [41, 42, 44, 45], "summary": {"covered_lines": 4, "num_statements": 4, "percent_covered": 100.0, "percent_covered_display": "100", "missing_lines": 0, "excluded_lines": 0}, "missing_lines": [], "excluded_lines": []}, "Hitbox.is_colliding": {"executed_lines": [48, 51, 54], "summary": {"covered_lines": 3, "num_statements": 3, "percent_covered": 100.0, "percent_covered_display": "100", "missing_lines": 0, "excluded_lines": 0}, "missing_lines": [], "excluded_lines": []}, "": {"executed_lines": [1, 4, 5, 14, 29, 47], "summary": {"covered_lines": 5, "num_statements": 5, "percent_covered": 100.0, "percent_covered_display": "100", "missing_lines": 0, "excluded_lines": 0}, "missing_lines": [], "excluded_lines": []}}, "classes": {"Hitbox": {"executed_lines": [25, 26, 27, 41, 42, 44, 45, 48, 51, 54], "summary": {"covered_lines": 10, "num_statements": 10, "percent_covered": 100.0, "percent_covered_display": "100", "missing_lines": 0, "excluded_lines": 0}, "missing_lines": [], "excluded_lines": []}, "": {"executed_lines": [1, 4, 5, 14, 29, 47], "summary": {"covered_lines": 5, "num_statements": 5, "percent_covered": 100.0, "percent_covered_display": "100", "missing_lines": 0, "excluded_lines": 0}, "missing_lines": [], "excluded_lines": []}}}, "src/interfaces.py": {"executed_lines": [], "summary": {"covered_lines": 0, "num_statements": 20, "percent_covered": 0.0, "percent_covered_display": "0", "missing_lines": 20, "excluded_lines": 0}, "missing_lines": [1, 3, 6, 18, 47, 50, 59, 60, 61, 62, 63, 64, 65, 66, 67, 68, 69, 70, 71, 72], "excluded_lines": [], "functions": {"get_game_state": {"executed_lines": [], "summary": {"covered_lines": 0, "num_statements": 2, "percent_covered": 0.0, "percent_covered_display": "0", "missing_lines": 2, "excluded_lines": 0}, "missing_lines": [18, 47], "excluded_lines": []}, "apply_ai_action": {"executed_lines": [], "summary": {"covered_lines": 0, "num_statements": 14, "percent_covered": 0.0, "percent_covered_display": "0", "missing_lines": 14, "excluded_lines": 0}, "missing_lines": [59, 60, 61, 62, 63, 64, 65, 66, 67, 68, 69, 70, 71, 72], "excluded_lines": []}, "": {"executed_lines": [], "summary": {"covered_lines": 0, "num_statements": 4, "percent_covered": 0.0, "percent_covered_display": "0", "missing_lines": 4, "excluded_lines": 0}, "missing_lines": [1, 3, 6, 50], "excluded_lines": []}}, "classes": {"": {"executed_lines": [], "summary": {"covered_lines": 0, "num_statements": 20, "percent_covered": 0.0, "percent_covered_display": "0", "missing_lines": 20, "excluded_lines": 0}, "missing_lines": [1, 3, 6, 18, 47, 50, 59, 60, 61, 62, 63, 64, 65, 66, 67, 68, 69, 70, 71, 72], "excluded_lines": []}}}, "src/log_collector/__init__.py": {"executed_lines": [0], "summary": {"covered_lines": 0, "num_statements": 0, "percent_covered": 100.0, "percent_covered_display": "100", "missing_lines": 0, "excluded_lines": 0}, "missing_lines": [], "excluded_lines": [], "functions": {"": {"executed_lines": [], "summary": {"covered_lines": 0, "num_statements": 0, "percent_covered": 100.0, "percent_covered_display": "100", "missing_lines": 0, "excluded_lines": 0}, "missing_lines": [], "excluded_lines": []}}, "classes": {"": {"executed_lines": [], "summary": {"covered_lines": 0, "num_statements": 0, "percent_covered": 100.0, "percent_covered_display": "100", "missing_lines": 0, "excluded_lines": 0}, "missing_lines": [], "excluded_lines": []}}}, "src/log_collector/log_collector.py": {"executed_lines": [1, 2, 3, 4, 5, 6, 7, 9, 12, 13, 14, 15, 16, 17, 18, 19, 21, 22, 23, 24, 25, 26, 27, 28, 30, 31, 35, 41, 43, 44, 45, 46, 47, 48, 49, 50, 51, 52, 54, 55, 56, 57, 58, 59, 60, 64, 65, 69, 71, 72, 73, 74, 77, 91], "summary": {"covered_lines": 54, "num_statements": 70, "percent_covered": 77.14285714285714, "percent_covered_display": "77", "missing_lines": 16, "excluded_lines": 0}, "missing_lines": [32, 33, 61, 62, 66, 67, 78, 79, 80, 82, 83, 84, 86, 88, 89, 92], "excluded_lines": [], "functions": {"LogCollector.__init__": {"executed_lines": [14, 15, 16, 17, 18, 19], "summary": {"covered_lines": 6, "num_statements": 6, "percent_covered": 100.0, "percent_covered_display": "100", "missing_lines": 0, "excluded_lines": 0}, "missing_lines": [], "excluded_lines": []}, "LogCollector.start_session": {"executed_lines": [22, 23, 24, 25, 26, 27, 28], "summary": {"covered_lines": 7, "num_statements": 7, "percent_covered": 100.0, "percent_covered_display": "100", "missing_lines": 0, "excluded_lines": 0}, "missing_lines": [], "excluded_lines": []}, "LogCollector.log_event": {"executed_lines": [31, 35, 41], "summary": {"covered_lines": 3, "num_statements": 5, "percent_covered": 60.0, "percent_covered_display": "60", "missing_lines": 2, "excluded_lines": 0}, "missing_lines": [32, 33], "excluded_lines": []}, "LogCollector.end_session": {"executed_lines": [44, 45, 46, 47, 48, 49, 50, 51, 52], "summary": {"covered_lines": 9, "num_statements": 9, "percent_covered": 100.0, "percent_covered_display": "100", "missing_lines": 0, "excluded_lines": 0}, "missing_lines": [], "excluded_lines": []}, "LogCollector._compress_log_file": {"executed_lines": [55, 56, 57, 58, 59, 60], "summary": {"covered_lines": 6, "num_statements": 8, "percent_covered": 75.0, "percent_covered_display": "75", "missing_lines": 2, "excluded_lines": 0}, "missing_lines": [61, 62], "excluded_lines": []}, "LogCollector.save_replay_data": {"executed_lines": [65, 69, 71, 72, 73, 74], "summary": {"covered_lines": 6, "num_statements": 8, "percent_covered": 75.0, "percent_covered_display": "75", "missing_lines": 2, "excluded_lines": 0}, "missing_lines": [66, 67], "excluded_lines": []}, "test_log_collector": {"executed_lines": [], "summary": {"covered_lines": 0, "num_statements": 9, "percent_covered": 0.0, "percent_covered_display": "0", "missing_lines": 9, "excluded_lines": 0}, "missing_lines": [78, 79, 80, 82, 83, 84, 86, 88, 89], "excluded_lines": []}, "": {"executed_lines": [1, 2, 3, 4, 5, 6, 7, 9, 12, 13, 21, 30, 43, 54, 64, 77, 91], "summary": {"covered_lines": 17, "num_statements": 18, "percent_covered": 94.44444444444444, "percent_covered_display": "94", "missing_lines": 1, "excluded_lines": 0}, "missing_lines": [92], "excluded_lines": []}}, "classes": {"LogCollector": {"executed_lines": [14, 15, 16, 17, 18, 19, 22, 23, 24, 25, 26, 27, 28, 31, 35, 41, 44, 45, 46, 47, 48, 49, 50, 51, 52, 55, 56, 57, 58, 59, 60, 65, 69, 71, 72, 73, 74], "summary": {"covered_lines": 37, "num_statements": 43, "percent_covered": 86.04651162790698, "percent_covered_display": "86", "missing_lines": 6, "excluded_lines": 0}, "missing_lines": [32, 33, 61, 62, 66, 67], "excluded_lines": []}, "": {"executed_lines": [1, 2, 3, 4, 5, 6, 7, 9, 12, 13, 21, 30, 43, 54, 64, 77, 91], "summary": {"covered_lines": 17, "num_statements": 27, "percent_covered": 62.96296296296296, "percent_covered_display": "63", "missing_lines": 10, "excluded_lines": 0}, "missing_lines": [78, 79, 80, 82, 83, 84, 86, 88, 89, 92], "excluded_lines": []}}}, "src/main_qa_pipeline.py": {"executed_lines": [], "summary": {"covered_lines": 0, "num_statements": 70, "percent_covered": 0.0, "percent_covered_display": "0", "missing_lines": 70, "excluded_lines": 0}, "missing_lines": [1, 2, 3, 4, 5, 6, 7, 8, 9, 10, 12, 13, 15, 22, 23, 24, 25, 26, 27, 28, 29, 30, 33, 34, 36, 37, 40, 41, 42, 43, 44, 47, 48, 52, 53, 54, 55, 56, 57, 63, 64, 65, 67, 68, 70, 71, 72, 73, 74, 76, 78, 79, 81, 83, 84, 85, 86, 89, 90, 91, 92, 93, 94, 97, 98, 99, 100, 101, 102, 104], "excluded_lines": [], "functions": {"run_full_qa_pipeline": {"executed_lines": [], "summary": {"covered_lines": 0, "num_statements": 41, "percent_covered": 0.0, "percent_covered_display": "0", "missing_lines": 41, "excluded_lines": 0}, "missing_lines": [13, 15, 22, 23, 24, 25, 26, 27, 28, 29, 30, 33, 34, 36, 37, 40, 41, 42, 43, 44, 47, 48, 52, 53, 54, 55, 56, 57, 63, 64, 65, 67, 68, 70, 71, 72, 73, 74, 76, 78, 79], "excluded_lines": []}, "": {"executed_lines": [], "summary": {"covered_lines": 0, "num_statements": 29, "percent_covered": 0.0, "percent_covered_display": "0", "missing_lines": 29, "excluded_lines": 0}, "missing_lines": [1, 2, 3, 4, 5, 6, 7, 8, 9, 10, 12, 81, 83, 84, 85, 86, 89, 90, 91, 92, 93, 94, 97, 98, 99, 100, 101, 102, 104], "excluded_lines": []}}, "classes": {"": {"executed_lines": [], "summary": {"covered_lines": 0, "num_statements": 70, "percent_covered": 0.0, "percent_covered_display": "0", "missing_lines": 70, "excluded_lines": 0}, "missing_lines": [1, 2, 3, 4, 5, 6, 7, 8, 9, 10, 12, 13, 15, 22, 23, 24, 25, 26, 27, 28, 29, 30, 33, 34, 36, 37, 40, 41, 42, 43, 44, 47, 48, 52, 53, 54, 55, 56, 57, 63, 64, 65, 67, 68, 70, 71, 72, 73, 74, 76, 78, 79, 81, 83, 84, 85, 86, 89, 90, 91, 92, 93, 94, 97, 98, 99, 100, 101, 102, 104], "excluded_lines": []}}}, "src/metric_extractor/__init__.py": {"executed_lines": [0], "summary": {"covered_lines": 0, "num_statements": 0, "percent_covered": 100.0, "percent_covered_display": "100", "missing_lines": 0, "excluded_lines": 0}, "missing_lines": [], "excluded_lines": [], "functions": {"": {"executed_lines": [], "summary": {"covered_lines": 0, "num_statements": 0, "percent_covered": 100.0, "percent_covered_display": "100", "missing_lines": 0, "excluded_lines": 0}, "missing_lines": [], "excluded_lines": []}}, "classes": {"": {"executed_lines": [], "summary": {"covered_lines": 0, "num_statements": 0, "percent_covered": 100.0, "percent_covered_display": "100", "missing_lines": 0, "excluded_lines": 0}, "missing_lines": [], "excluded_lines": []}}}, "src/metric_extractor/db_manager.py": {"executed_lines": [1, 2, 3, 5, 7, 8, 9, 10, 12, 13, 14, 15, 16, 19, 30, 43, 56, 57, 61, 62, 64, 65, 66, 67, 68, 69, 73, 74, 82, 83, 85, 86, 87, 88, 89, 90, 94, 95, 100, 101, 103, 104, 105, 106, 107, 108, 112, 113, 118, 119, 122, 138], "summary": {"covered_lines": 52, "num_statements": 77, "percent_covered": 67.53246753246754, "percent_covered_display": "68", "missing_lines": 25, "excluded_lines": 0}, "missing_lines": [58, 59, 75, 76, 77, 78, 79, 80, 96, 97, 98, 114, 115, 116, 123, 125, 126, 127, 129, 131, 132, 133, 134, 136, 139], "excluded_lines": [], "functions": {"DBManager.__init__": {"executed_lines": [9, 10], "summary": {"covered_lines": 2, "num_statements": 2, "percent_covered": 100.0, "percent_covered_display": "100", "missing_lines": 0, "excluded_lines": 0}, "missing_lines": [], "excluded_lines": []}, "DBManager._create_tables": {"executed_lines": [13, 14, 15, 16, 19, 30, 43, 56, 57, 61, 62], "summary": {"covered_lines": 11, "num_statements": 13, "percent_covered": 84.61538461538461, "percent_covered_display": "85", "missing_lines": 2, "excluded_lines": 0}, "missing_lines": [58, 59], "excluded_lines": []}, "DBManager.insert_session": {"executed_lines": [65, 66, 67, 68, 69, 73, 74, 82, 83], "summary": {"covered_lines": 9, "num_statements": 15, "percent_covered": 60.0, "percent_covered_display": "60", "missing_lines": 6, "excluded_lines": 0}, "missing_lines": [75, 76, 77, 78, 79, 80], "excluded_lines": []}, "DBManager.insert_qa_metric": {"executed_lines": [86, 87, 88, 89, 90, 94, 95, 100, 101], "summary": {"covered_lines": 9, "num_statements": 12, "percent_covered": 75.0, "percent_covered_display": "75", "missing_lines": 3, "excluded_lines": 0}, "missing_lines": [96, 97, 98], "excluded_lines": []}, "DBManager.insert_immersion_metric": {"executed_lines": [104, 105, 106, 107, 108, 112, 113, 118, 119], "summary": {"covered_lines": 9, "num_statements": 12, "percent_covered": 75.0, "percent_covered_display": "75", "missing_lines": 3, "excluded_lines": 0}, "missing_lines": [114, 115, 116], "excluded_lines": []}, "test_db_manager": {"executed_lines": [], "summary": {"covered_lines": 0, "num_statements": 10, "percent_covered": 0.0, "percent_covered_display": "0", "missing_lines": 10, "excluded_lines": 0}, "missing_lines": [123, 125, 126, 127, 129, 131, 132, 133, 134, 136], "excluded_lines": []}, "": {"executed_lines": [1, 2, 3, 5, 7, 8, 12, 64, 85, 103, 122, 138], "summary": {"covered_lines": 12, "num_statements": 13, "percent_covered": 92.3076923076923, "percent_covered_display": "92", "missing_lines": 1, "excluded_lines": 0}, "missing_lines": [139], "excluded_lines": []}}, "classes": {"DBManager": {"executed_lines": [9, 10, 13, 14, 15, 16, 19, 30, 43, 56, 57, 61, 62, 65, 66, 67, 68, 69, 73, 74, 82, 83, 86, 87, 88, 89, 90, 94, 95, 100, 101, 104, 105, 106, 107, 108, 112, 113, 118, 119], "summary": {"covered_lines": 40, "num_statements": 54, "percent_covered": 74.07407407407408, "percent_covered_display": "74", "missing_lines": 14, "excluded_lines": 0}, "missing_lines": [58, 59, 75, 76, 77, 78, 79, 80, 96, 97, 98, 114, 115, 116], "excluded_lines": []}, "": {"executed_lines": [1, 2, 3, 5, 7, 8, 12, 64, 85, 103, 122, 138], "summary": {"covered_lines": 12, "num_statements": 23, "percent_covered": 52.17391304347826, "percent_covered_display": "52", "missing_lines": 11, "excluded_lines": 0}, "missing_lines": [123, 125, 126, 127, 129, 131, 132, 133, 134, 136, 139], "excluded_lines": []}}}, "src/metric_extractor/metric_extractor.py": {"executed_lines": [1, 2, 3, 4, 5, 6, 7, 8, 9, 10, 12, 13, 14, 15, 16, 18, 20, 21, 23, 24, 25, 29, 31, 32, 36, 39, 40, 41, 43, 44, 50, 53, 55, 57, 59, 60, 62, 63, 64, 65, 68, 69, 70, 71, 72, 73, 78, 80, 81, 91, 92, 93, 94, 96, 97, 98, 99, 100, 101, 102, 103, 104, 105, 106, 107, 108, 109, 111, 113, 119, 120, 124, 125, 129, 130, 132, 134, 139, 140, 143, 144, 147, 148, 153, 154, 156, 159, 184], "summary": {"covered_lines": 88, "num_statements": 115, "percent_covered": 76.52173913043478, "percent_covered_display": "77", "missing_lines": 27, "excluded_lines": 0}, "missing_lines": [26, 27, 33, 34, 46, 47, 66, 74, 75, 76, 77, 160, 162, 166, 167, 168, 169, 170, 172, 173, 174, 176, 177, 179, 180, 182, 185], "excluded_lines": [], "functions": {"MetricExtractor.__init__": {"executed_lines": [14, 15, 16], "summary": {"covered_lines": 3, "num_statements": 3, "percent_covered": 100.0, "percent_covered_display": "100", "missing_lines": 0, "excluded_lines": 0}, "missing_lines": [], "excluded_lines": []}, "MetricExtractor._load_r_theta_model": {"executed_lines": [20, 21], "summary": {"covered_lines": 2, "num_statements": 2, "percent_covered": 100.0, "percent_covered_display": "100", "missing_lines": 0, "excluded_lines": 0}, "missing_lines": [], "excluded_lines": []}, "MetricExtractor.extract_metrics_from_log": {"executed_lines": [24, 25, 29, 31, 32, 36, 39, 40, 41, 43, 44, 50, 53, 55], "summary": {"covered_lines": 14, "num_statements": 20, "percent_covered": 70.0, "percent_covered_display": "70", "missing_lines": 6, "excluded_lines": 0}, "missing_lines": [26, 27, 33, 34, 46, 47], "excluded_lines": []}, "MetricExtractor._parse_session_id_from_filepath": {"executed_lines": [59, 60, 62, 63, 64, 65], "summary": {"covered_lines": 6, "num_statements": 7, "percent_covered": 85.71428571428571, "percent_covered_display": "86", "missing_lines": 1, "excluded_lines": 0}, "missing_lines": [66], "excluded_lines": []}, "MetricExtractor._read_jsonl_gz": {"executed_lines": [69, 70, 71, 72, 73, 78], "summary": {"covered_lines": 6, "num_statements": 10, "percent_covered": 60.0, "percent_covered_display": "60", "missing_lines": 4, "excluded_lines": 0}, "missing_lines": [74, 75, 76, 77], "excluded_lines": []}, "MetricExtractor._process_events": {"executed_lines": [81, 91, 92, 93, 94, 96, 97, 98, 99, 100, 101, 102, 103, 104, 105, 106, 107, 108, 109, 111], "summary": {"covered_lines": 20, "num_statements": 20, "percent_covered": 100.0, "percent_covered_display": "100", "missing_lines": 0, "excluded_lines": 0}, "missing_lines": [], "excluded_lines": []}, "MetricExtractor._calculate_and_store_qa_metrics": {"executed_lines": [119, 120, 124, 125, 129, 130, 132], "summary": {"covered_lines": 7, "num_statements": 7, "percent_covered": 100.0, "percent_covered_display": "100", "missing_lines": 0, "excluded_lines": 0}, "missing_lines": [], "excluded_lines": []}, "MetricExtractor._calculate_and_store_immersion_metrics": {"executed_lines": [139, 140, 143, 144, 147, 148, 153, 154, 156], "summary": {"covered_lines": 9, "num_statements": 9, "percent_covered": 100.0, "percent_covered_display": "100", "missing_lines": 0, "excluded_lines": 0}, "missing_lines": [], "excluded_lines": []}, "test_metric_extractor": {"executed_lines": [], "summary": {"covered_lines": 0, "num_statements": 15, "percent_covered": 0.0, "percent_covered_display": "0", "missing_lines": 15, "excluded_lines": 0}, "missing_lines": [160, 162, 166, 167, 168, 169, 170, 172, 173, 174, 176, 177, 179, 180, 182], "excluded_lines": []}, "": {"executed_lines": [1, 2, 3, 4, 5, 6, 7, 8, 9, 10, 12, 13, 18, 23, 57, 68, 80, 113, 134, 159, 184], "summary": {"covered_lines": 21, "num_statements": 22, "percent_covered": 95.45454545454545, "percent_covered_display": "95", "missing_lines": 1, "excluded_lines": 0}, "missing_lines": [185], "excluded_lines": []}}, "classes": {"MetricExtractor": {"executed_lines": [14, 15, 16, 20, 21, 24, 25, 29, 31, 32, 36, 39, 40, 41, 43, 44, 50, 53, 55, 59, 60, 62, 63, 64, 65, 69, 70, 71, 72, 73, 78, 81, 91, 92, 93, 94, 96, 97, 98, 99, 100, 101, 102, 103, 104, 105, 106, 107, 108, 109, 111, 119, 120, 124, 125, 129, 130, 132, 139, 140, 143, 144, 147, 148, 153, 154, 156], "summary": {"covered_lines": 67, "num_statements": 78, "percent_covered": 85.8974358974359, "percent_covered_display": "86", "missing_lines": 11, "excluded_lines": 0}, "missing_lines": [26, 27, 33, 34, 46, 47, 66, 74, 75, 76, 77], "excluded_lines": []}, "": {"executed_lines": [1, 2, 3, 4, 5, 6, 7, 8, 9, 10, 12, 13, 18, 23, 57, 68, 80, 113, 134, 159, 184], "summary": {"covered_lines": 21, "num_statements": 37, "percent_covered": 56.75675675675676, "percent_covered_display": "57", "missing_lines": 16, "excluded_lines": 0}, "missing_lines": [160, 162, 166, 167, 168, 169, 170, 172, 173, 174, 176, 177, 179, 180, 182, 185], "excluded_lines": []}}}, "src/mock_game_client.py": {"executed_lines": [], "summary": {"covered_lines": 0, "num_statements": 54, "percent_covered": 0.0, "percent_covered_display": "0", "missing_lines": 54, "excluded_lines": 0}, "missing_lines": [1, 2, 3, 4, 5, 7, 9, 10, 11, 12, 13, 14, 17, 18, 20, 22, 33, 38, 39, 40, 41, 44, 45, 46, 47, 49, 50, 51, 52, 55, 67, 68, 70, 72, 73, 75, 77, 78, 79, 80, 81, 82, 83, 84, 85, 86, 87, 88, 89, 90, 91, 92, 93, 94], "excluded_lines": [], "functions": {"MockGameClient.__init__": {"executed_lines": [], "summary": {"covered_lines": 0, "num_statements": 6, "percent_covered": 0.0, "percent_covered_display": "0", "missing_lines": 6, "excluded_lines": 0}, "missing_lines": [11, 12, 13, 14, 17, 18], "excluded_lines": []}, "MockGameClient._get_initial_state": {"executed_lines": [], "summary": {"covered_lines": 0, "num_statements": 1, "percent_covered": 0.0, "percent_covered_display": "0", "missing_lines": 1, "excluded_lines": 0}, "missing_lines": [22], "excluded_lines": []}, "MockGameClient._update_game_state": {"executed_lines": [], "summary": {"covered_lines": 0, "num_statements": 16, "percent_covered": 0.0, "percent_covered_display": "0", "missing_lines": 16, "excluded_lines": 0}, "missing_lines": [38, 39, 40, 41, 44, 45, 46, 47, 49, 50, 51, 52, 55, 67, 68, 70], "excluded_lines": []}, "MockGameClient._run_mock_game_loop": {"executed_lines": [], "summary": {"covered_lines": 0, "num_statements": 20, "percent_covered": 0.0, "percent_covered_display": "0", "missing_lines": 20, "excluded_lines": 0}, "missing_lines": [73, 75, 77, 78, 79, 80, 81, 82, 83, 84, 85, 86, 87, 88, 89, 90, 91, 92, 93, 94], "excluded_lines": []}, "": {"executed_lines": [], "summary": {"covered_lines": 0, "num_statements": 11, "percent_covered": 0.0, "percent_covered_display": "0", "missing_lines": 11, "excluded_lines": 0}, "missing_lines": [1, 2, 3, 4, 5, 7, 9, 10, 20, 33, 72], "excluded_lines": []}}, "classes": {"MockGameClient": {"executed_lines": [], "summary": {"covered_lines": 0, "num_statements": 43, "percent_covered": 0.0, "percent_covered_display": "0", "missing_lines": 43, "excluded_lines": 0}, "missing_lines": [11, 12, 13, 14, 17, 18, 22, 38, 39, 40, 41, 44, 45, 46, 47, 49, 50, 51, 52, 55, 67, 68, 70, 73, 75, 77, 78, 79, 80, 81, 82, 83, 84, 85, 86, 87, 88, 89, 90, 91, 92, 93, 94], "excluded_lines": []}, "": {"executed_lines": [], "summary": {"covered_lines": 0, "num_statements": 11, "percent_covered": 0.0, "percent_covered_display": "0", "missing_lines": 11, "excluded_lines": 0}, "missing_lines": [1, 2, 3, 4, 5, 7, 9, 10, 20, 33, 72], "excluded_lines": []}}}, "src/network_ai_controller.py": {"executed_lines": [], "summary": {"covered_lines": 0, "num_statements": 54, "percent_covered": 0.0, "percent_covered_display": "0", "missing_lines": 54, "excluded_lines": 0}, "missing_lines": [1, 2, 3, 4, 7, 8, 11, 12, 13, 14, 15, 18, 19, 22, 23, 25, 26, 27, 28, 29, 30, 31, 34, 35, 37, 38, 39, 42, 43, 44, 47, 48, 49, 51, 52, 53, 56, 57, 58, 60, 63, 64, 67, 70, 71, 72, 74, 75, 76, 77, 78, 79, 82, 83], "excluded_lines": [], "functions": {"main": {"executed_lines": [], "summary": {"covered_lines": 0, "num_statements": 38, "percent_covered": 0.0, "percent_covered_display": "0", "missing_lines": 38, "excluded_lines": 0}, "missing_lines": [23, 25, 26, 27, 28, 29, 30, 31, 34, 35, 37, 38, 39, 42, 43, 44, 47, 48, 49, 51, 52, 53, 56, 57, 58, 60, 63, 64, 67, 70, 71, 72, 74, 75, 76, 77, 78, 79], "excluded_lines": []}, "": {"executed_lines": [], "summary": {"covered_lines": 0, "num_statements": 16, "percent_covered": 0.0, "percent_covered_display": "0", "missing_lines": 16, "excluded_lines": 0}, "missing_lines": [1, 2, 3, 4, 7, 8, 11, 12, 13, 14, 15, 18, 19, 22, 82, 83], "excluded_lines": []}}, "classes": {"": {"executed_lines": [], "summary": {"covered_lines": 0, "num_statements": 54, "percent_covered": 0.0, "percent_covered_display": "0", "missing_lines": 54, "excluded_lines": 0}, "missing_lines": [1, 2, 3, 4, 7, 8, 11, 12, 13, 14, 15, 18, 19, 22, 23, 25, 26, 27, 28, 29, 30, 31, 34, 35, 37, 38, 39, 42, 43, 44, 47, 48, 49, 51, 52, 53, 56, 57, 58, 60, 63, 64, 67, 70, 71, 72, 74, 75, 76, 77, 78, 79, 82, 83], "excluded_lines": []}}}, "src/networking/__init__.py": {"executed_lines": [0], "summary": {"covered_lines": 0, "num_statements": 0, "percent_covered": 100.0, "percent_covered_display": "100", "missing_lines": 0, "excluded_lines": 0}, "missing_lines": [], "excluded_lines": [], "functions": {"": {"executed_lines": [], "summary": {"covered_lines": 0, "num_statements": 0, "percent_covered": 100.0, "percent_covered_display": "100", "missing_lines": 0, "excluded_lines": 0}, "missing_lines": [], "excluded_lines": []}}, "classes": {"": {"executed_lines": [], "summary": {"covered_lines": 0, "num_statements": 0, "percent_covered": 100.0, "percent_covered_display": "100", "missing_lines": 0, "excluded_lines": 0}, "missing_lines": [], "excluded_lines": []}}}, "src/networking/mock_client.py": {"executed_lines": [], "summary": {"covered_lines": 0, "num_statements": 54, "percent_covered": 0.0, "percent_covered_display": "0", "missing_lines": 54, "excluded_lines": 0}, "missing_lines": [1, 2, 3, 4, 5, 7, 9, 10, 11, 12, 13, 14, 17, 18, 20, 22, 33, 38, 39, 40, 41, 44, 45, 46, 47, 49, 50, 51, 52, 55, 67, 68, 70, 72, 73, 75, 77, 78, 79, 80, 81, 82, 83, 84, 85, 86, 87, 88, 89, 90, 91, 92, 93, 94], "excluded_lines": [], "functions": {"MockGameClient.__init__": {"executed_lines": [], "summary": {"covered_lines": 0, "num_statements": 6, "percent_covered": 0.0, "percent_covered_display": "0", "missing_lines": 6, "excluded_lines": 0}, "missing_lines": [11, 12, 13, 14, 17, 18], "excluded_lines": []}, "MockGameClient._get_initial_state": {"executed_lines": [], "summary": {"covered_lines": 0, "num_statements": 1, "percent_covered": 0.0, "percent_covered_display": "0", "missing_lines": 1, "excluded_lines": 0}, "missing_lines": [22], "excluded_lines": []}, "MockGameClient._update_game_state": {"executed_lines": [], "summary": {"covered_lines": 0, "num_statements": 16, "percent_covered": 0.0, "percent_covered_display": "0", "missing_lines": 16, "excluded_lines": 0}, "missing_lines": [38, 39, 40, 41, 44, 45, 46, 47, 49, 50, 51, 52, 55, 67, 68, 70], "excluded_lines": []}, "MockGameClient._run_mock_game_loop": {"executed_lines": [], "summary": {"covered_lines": 0, "num_statements": 20, "percent_covered": 0.0, "percent_covered_display": "0", "missing_lines": 20, "excluded_lines": 0}, "missing_lines": [73, 75, 77, 78, 79, 80, 81, 82, 83, 84, 85, 86, 87, 88, 89, 90, 91, 92, 93, 94], "excluded_lines": []}, "": {"executed_lines": [], "summary": {"covered_lines": 0, "num_statements": 11, "percent_covered": 0.0, "percent_covered_display": "0", "missing_lines": 11, "excluded_lines": 0}, "missing_lines": [1, 2, 3, 4, 5, 7, 9, 10, 20, 33, 72], "excluded_lines": []}}, "classes": {"MockGameClient": {"executed_lines": [], "summary": {"covered_lines": 0, "num_statements": 43, "percent_covered": 0.0, "percent_covered_display": "0", "missing_lines": 43, "excluded_lines": 0}, "missing_lines": [11, 12, 13, 14, 17, 18, 22, 38, 39, 40, 41, 44, 45, 46, 47, 49, 50, 51, 52, 55, 67, 68, 70, 73, 75, 77, 78, 79, 80, 81, 82, 83, 84, 85, 86, 87, 88, 89, 90, 91, 92, 93, 94], "excluded_lines": []}, "": {"executed_lines": [], "summary": {"covered_lines": 0, "num_statements": 11, "percent_covered": 0.0, "percent_covered_display": "0", "missing_lines": 11, "excluded_lines": 0}, "missing_lines": [1, 2, 3, 4, 5, 7, 9, 10, 20, 33, 72], "excluded_lines": []}}}, "src/networking/socket_controller.py": {"executed_lines": [], "summary": {"covered_lines": 0, "num_statements": 54, "percent_covered": 0.0, "percent_covered_display": "0", "missing_lines": 54, "excluded_lines": 0}, "missing_lines": [1, 2, 3, 4, 7, 8, 11, 12, 13, 14, 15, 18, 19, 22, 23, 25, 26, 27, 28, 29, 30, 31, 34, 35, 37, 38, 39, 42, 43, 44, 47, 48, 49, 51, 52, 53, 56, 57, 58, 60, 63, 64, 67, 70, 71, 72, 74, 75, 76, 77, 78, 79, 82, 83], "excluded_lines": [], "functions": {"main": {"executed_lines": [], "summary": {"covered_lines": 0, "num_statements": 38, "percent_covered": 0.0, "percent_covered_display": "0", "missing_lines": 38, "excluded_lines": 0}, "missing_lines": [23, 25, 26, 27, 28, 29, 30, 31, 34, 35, 37, 38, 39, 42, 43, 44, 47, 48, 49, 51, 52, 53, 56, 57, 58, 60, 63, 64, 67, 70, 71, 72, 74, 75, 76, 77, 78, 79], "excluded_lines": []}, "": {"executed_lines": [], "summary": {"covered_lines": 0, "num_statements": 16, "percent_covered": 0.0, "percent_covered_display": "0", "missing_lines": 16, "excluded_lines": 0}, "missing_lines": [1, 2, 3, 4, 7, 8, 11, 12, 13, 14, 15, 18, 19, 22, 82, 83], "excluded_lines": []}}, "classes": {"": {"executed_lines": [], "summary": {"covered_lines": 0, "num_statements": 54, "percent_covered": 0.0, "percent_covered_display": "0", "missing_lines": 54, "excluded_lines": 0}, "missing_lines": [1, 2, 3, 4, 7, 8, 11, 12, 13, 14, 15, 18, 19, 22, 23, 25, 26, 27, 28, 29, 30, 31, 34, 35, 37, 38, 39, 42, 43, 44, 47, 48, 49, 51, 52, 53, 56, 57, 58, 60, 63, 64, 67, 70, 71, 72, 74, 75, 76, 77, 78, 79, 82, 83], "excluded_lines": []}}}, "src/networking/webrtc.py": {"executed_lines": [1, 7, 8, 9, 10, 11, 13, 14, 15, 17, 18, 20, 23, 24, 30, 31, 32, 33, 34, 35, 36, 37, 39, 40, 41, 42, 45, 48, 49, 51, 52, 55, 56, 59, 62, 80, 81, 102, 127, 152, 180, 197], "summary": {"covered_lines": 41, "num_statements": 128, "percent_covered": 32.03125, "percent_covered_display": "32", "missing_lines": 87, "excluded_lines": 0}, "missing_lines": [53, 54, 65, 66, 69, 70, 71, 72, 82, 83, 84, 85, 87, 88, 90, 91, 92, 94, 95, 96, 97, 98, 99, 100, 103, 104, 105, 106, 107, 109, 110, 112, 113, 114, 117, 118, 119, 120, 121, 122, 123, 125, 128, 129, 130, 131, 133, 136, 138, 139, 141, 149, 150, 153, 154, 156, 157, 158, 159, 160, 161, 162, 163, 165, 166, 167, 169, 170, 173, 174, 177, 178, 181, 182, 183, 185, 186, 187, 188, 189, 191, 192, 193, 194, 195, 198, 199], "excluded_lines": [], "functions": {"WebRTCClient.__init__": {"executed_lines": [30, 31, 32, 33, 34, 35, 36, 37], "summary": {"covered_lines": 8, "num_statements": 8, "percent_covered": 100.0, "percent_covered_display": "100", "missing_lines": 0, "excluded_lines": 0}, "missing_lines": [], "excluded_lines": []}, "WebRTCClient.run": {"executed_lines": [40, 41, 42, 45, 48, 49, 51, 52, 55, 56, 59, 62, 80, 81], "summary": {"covered_lines": 14, "num_statements": 38, "percent_covered": 36.8421052631579, "percent_covered_display": "37", "missing_lines": 24, "excluded_lines": 0}, "missing_lines": [53, 54, 65, 66, 69, 70, 71, 72, 82, 83, 84, 85, 87, 88, 90, 91, 92, 94, 95, 96, 97, 98, 99, 100], "excluded_lines": []}, "WebRTCClient.connect": {"executed_lines": [], "summary": {"covered_lines": 0, "num_statements": 14, "percent_covered": 0.0, "percent_covered_display": "0", "missing_lines": 14, "excluded_lines": 0}, "missing_lines": [104, 109, 110, 112, 113, 114, 117, 118, 119, 120, 121, 122, 123, 125], "excluded_lines": []}, "WebRTCClient.connect.on_datachannel": {"executed_lines": [], "summary": {"covered_lines": 0, "num_statements": 3, "percent_covered": 0.0, "percent_covered_display": "0", "missing_lines": 3, "excluded_lines": 0}, "missing_lines": [105, 106, 107], "excluded_lines": []}, "WebRTCClient.handle_signaling": {"executed_lines": [], "summary": {"covered_lines": 0, "num_statements": 11, "percent_covered": 0.0, "percent_covered_display": "0", "missing_lines": 11, "excluded_lines": 0}, "missing_lines": [128, 129, 130, 131, 133, 136, 138, 139, 141, 149, 150], "excluded_lines": []}, "WebRTCClient._setup_channel_events": {"executed_lines": [], "summary": {"covered_lines": 0, "num_statements": 10, "percent_covered": 0.0, "percent_covered_display": "0", "missing_lines": 10, "excluded_lines": 0}, "missing_lines": [153, 154, 156, 157, 165, 166, 173, 174, 177, 178], "excluded_lines": []}, "WebRTCClient._setup_channel_events.on_message": {"executed_lines": [], "summary": {"covered_lines": 0, "num_statements": 6, "percent_covered": 0.0, "percent_covered_display": "0", "missing_lines": 6, "excluded_lines": 0}, "missing_lines": [158, 159, 160, 161, 162, 163], "excluded_lines": []}, "WebRTCClient._setup_channel_events.on_open": {"executed_lines": [], "summary": {"covered_lines": 0, "num_statements": 3, "percent_covered": 0.0, "percent_covered_display": "0", "missing_lines": 3, "excluded_lines": 0}, "missing_lines": [167, 169, 170], "excluded_lines": []}, "WebRTCClient._action_sender": {"executed_lines": [], "summary": {"covered_lines": 0, "num_statements": 13, "percent_covered": 0.0, "percent_covered_display": "0", "missing_lines": 13, "excluded_lines": 0}, "missing_lines": [181, 182, 183, 185, 186, 187, 188, 189, 191, 192, 193, 194, 195], "excluded_lines": []}, "WebRTCClient.close": {"executed_lines": [], "summary": {"covered_lines": 0, "num_statements": 2, "percent_covered": 0.0, "percent_covered_display": "0", "missing_lines": 2, "excluded_lines": 0}, "missing_lines": [198, 199], "excluded_lines": []}, "": {"executed_lines": [1, 7, 8, 9, 10, 11, 13, 14, 15, 17, 18, 20, 23, 24, 39, 102, 127, 152, 180, 197], "summary": {"covered_lines": 19, "num_statements": 20, "percent_covered": 95.0, "percent_covered_display": "95", "missing_lines": 1, "excluded_lines": 0}, "missing_lines": [103], "excluded_lines": []}}, "classes": {"WebRTCClient": {"executed_lines": [30, 31, 32, 33, 34, 35, 36, 37, 40, 41, 42, 45, 48, 49, 51, 52, 55, 56, 59, 62, 80, 81], "summary": {"covered_lines": 22, "num_statements": 108, "percent_covered": 20.37037037037037, "percent_covered_display": "20", "missing_lines": 86, "excluded_lines": 0}, "missing_lines": [53, 54, 65, 66, 69, 70, 71, 72, 82, 83, 84, 85, 87, 88, 90, 91, 92, 94, 95, 96, 97, 98, 99, 100, 104, 105, 106, 107, 109, 110, 112, 113, 114, 117, 118, 119, 120, 121, 122, 123, 125, 128, 129, 130, 131, 133, 136, 138, 139, 141, 149, 150, 153, 154, 156, 157, 158, 159, 160, 161, 162, 163, 165, 166, 167, 169, 170, 173, 174, 177, 178, 181, 182, 183, 185, 186, 187, 188, 189, 191, 192, 193, 194, 195, 198, 199], "excluded_lines": []}, "": {"executed_lines": [1, 7, 8, 9, 10, 11, 13, 14, 15, 17, 18, 20, 23, 24, 39, 102, 127, 152, 180, 197], "summary": {"covered_lines": 19, "num_statements": 20, "percent_covered": 95.0, "percent_covered_display": "95", "missing_lines": 1, "excluded_lines": 0}, "missing_lines": [103], "excluded_lines": []}}}, "src/player.py": {"executed_lines": [1, 3, 5, 10, 13, 14, 34, 54, 55, 56, 57, 58, 59, 60, 61, 62, 63, 64, 65, 68, 69, 73, 76, 78, 79, 80, 81, 82, 84, 91, 92, 93, 94, 98, 102, 103, 104, 105, 107, 111, 112, 113, 114, 115, 116, 117, 121, 125, 126, 127, 128, 130, 137, 138, 139, 140, 141, 145, 146, 147, 150, 152, 153, 156, 164, 168, 175, 179, 189, 190, 191, 192, 193, 197, 198, 201, 203, 207, 208, 209, 210, 211, 212, 216, 219, 221, 222, 223, 224, 225, 226, 227, 243, 244, 247, 249, 251, 255, 261, 263], "summary": {"covered_lines": 99, "num_statements": 138, "percent_covered": 71.73913043478261, "percent_covered_display": "72", "missing_lines": 39, "excluded_lines": 0}, "missing_lines": [151, 169, 170, 171, 172, 176, 180, 181, 182, 183, 184, 185, 202, 204, 213, 232, 237, 248, 250, 254, 271, 272, 273, 274, 275, 276, 277, 279, 282, 283, 286, 289, 290, 291, 303, 314, 317, 318, 319], "excluded_lines": [], "functions": {"Player.__init__": {"executed_lines": [54, 55, 56, 57, 58, 59, 60, 61, 62, 63, 64, 65, 68, 69, 73, 76, 78, 79, 80, 81, 82], "summary": {"covered_lines": 21, "num_statements": 21, "percent_covered": 100.0, "percent_covered_display": "100", "missing_lines": 0, "excluded_lines": 0}, "missing_lines": [], "excluded_lines": []}, "Player.move": {"executed_lines": [91, 92, 93, 94], "summary": {"covered_lines": 4, "num_statements": 4, "percent_covered": 100.0, "percent_covered_display": "100", "missing_lines": 0, "excluded_lines": 0}, "missing_lines": [], "excluded_lines": []}, "Player.jump": {"executed_lines": [102, 103, 104, 105], "summary": {"covered_lines": 4, "num_statements": 4, "percent_covered": 100.0, "percent_covered_display": "100", "missing_lines": 0, "excluded_lines": 0}, "missing_lines": [], "excluded_lines": []}, "Player.attack": {"executed_lines": [111, 112, 113, 114, 115, 116, 117], "summary": {"covered_lines": 7, "num_statements": 7, "percent_covered": 100.0, "percent_covered_display": "100", "missing_lines": 0, "excluded_lines": 0}, "missing_lines": [], "excluded_lines": []}, "Player.guard": {"executed_lines": [125, 126, 127, 128], "summary": {"covered_lines": 4, "num_statements": 4, "percent_covered": 100.0, "percent_covered_display": "100", "missing_lines": 0, "excluded_lines": 0}, "missing_lines": [], "excluded_lines": []}, "Player.take_damage": {"executed_lines": [137, 138, 139, 140, 141, 145, 146, 147, 150, 152, 153], "summary": {"covered_lines": 11, "num_statements": 12, "percent_covered": 91.66666666666667, "percent_covered_display": "92", "missing_lines": 1, "excluded_lines": 0}, "missing_lines": [151], "excluded_lines": []}, "Player.update": {"executed_lines": [164, 168, 175, 179, 189, 190, 191, 192, 193, 197, 198, 201, 203, 207, 208, 209, 210, 211, 212, 216, 219, 221, 222, 223, 224, 225, 226, 227, 243, 244, 247, 249, 251, 255, 261], "summary": {"covered_lines": 35, "num_statements": 54, "percent_covered": 64.81481481481481, "percent_covered_display": "65", "missing_lines": 19, "excluded_lines": 0}, "missing_lines": [169, 170, 171, 172, 176, 180, 181, 182, 183, 184, 185, 202, 204, 213, 232, 237, 248, 250, 254], "excluded_lines": []}, "Player.draw": {"executed_lines": [], "summary": {"covered_lines": 0, "num_statements": 19, "percent_covered": 0.0, "percent_covered_display": "0", "missing_lines": 19, "excluded_lines": 0}, "missing_lines": [271, 272, 273, 274, 275, 276, 277, 279, 282, 283, 286, 289, 290, 291, 303, 314, 317, 318, 319], "excluded_lines": []}, "": {"executed_lines": [1, 3, 5, 10, 13, 14, 34, 84, 98, 107, 121, 130, 156, 263], "summary": {"covered_lines": 13, "num_statements": 13, "percent_covered": 100.0, "percent_covered_display": "100", "missing_lines": 0, "excluded_lines": 0}, "missing_lines": [], "excluded_lines": []}}, "classes": {"Player": {"executed_lines": [54, 55, 56, 57, 58, 59, 60, 61, 62, 63, 64, 65, 68, 69, 73, 76, 78, 79, 80, 81, 82, 91, 92, 93, 94, 102, 103, 104, 105, 111, 112, 113, 114, 115, 116, 117, 125, 126, 127, 128, 137, 138, 139, 140, 141, 145, 146, 147, 150, 152, 153, 164, 168, 175, 179, 189, 190, 191, 192, 193, 197, 198, 201, 203, 207, 208, 209, 210, 211, 212, 216, 219, 221, 222, 223, 224, 225, 226, 227, 243, 244, 247, 249, 251, 255, 261], "summary": {"covered_lines": 86, "num_statements": 125, "percent_covered": 68.8, "percent_covered_display": "69", "missing_lines": 39, "excluded_lines": 0}, "missing_lines": [151, 169, 170, 171, 172, 176, 180, 181, 182, 183, 184, 185, 202, 204, 213, 232, 237, 248, 250, 254, 271, 272, 273, 274, 275, 276, 277, 279, 282, 283, 286, 289, 290, 291, 303, 314, 317, 318, 319], "excluded_lines": []}, "": {"executed_lines": [1, 3, 5, 10, 13, 14, 34, 84, 98, 107, 121, 130, 156, 263], "summary": {"covered_lines": 13, "num_statements": 13, "percent_covered": 100.0, "percent_covered_display": "100", "missing_lines": 0, "excluded_lines": 0}, "missing_lines": [], "excluded_lines": []}}}, "src/pose_extractor.py": {"executed_lines": [], "summary": {"covered_lines": 0, "num_statements": 59, "percent_covered": 0.0, "percent_covered_display": "0", "missing_lines": 59, "excluded_lines": 0}, "missing_lines": [1, 2, 4, 5, 8, 13, 14, 15, 21, 23, 41, 42, 43, 44, 46, 47, 49, 50, 52, 54, 55, 56, 57, 60, 61, 63, 64, 65, 66, 75, 79, 81, 82, 87, 88, 89, 91, 92, 93, 95, 96, 99, 107, 108, 110, 111, 113, 114, 115, 116, 117, 118, 119, 120, 123, 127, 128, 130, 131], "excluded_lines": [], "functions": {"PoseExtractor.__init__": {"executed_lines": [], "summary": {"covered_lines": 0, "num_statements": 3, "percent_covered": 0.0, "percent_covered_display": "0", "missing_lines": 3, "excluded_lines": 0}, "missing_lines": [14, 15, 21], "excluded_lines": []}, "PoseExtractor.extract_from_video": {"executed_lines": [], "summary": {"covered_lines": 0, "num_statements": 44, "percent_covered": 0.0, "percent_covered_display": "0", "missing_lines": 44, "excluded_lines": 0}, "missing_lines": [41, 42, 43, 44, 46, 47, 49, 50, 52, 54, 55, 56, 57, 60, 61, 63, 64, 65, 66, 75, 79, 81, 82, 87, 88, 89, 91, 92, 93, 95, 96, 99, 107, 108, 110, 111, 113, 114, 115, 116, 117, 118, 119, 120], "excluded_lines": []}, "": {"executed_lines": [], "summary": {"covered_lines": 0, "num_statements": 12, "percent_covered": 0.0, "percent_covered_display": "0", "missing_lines": 12, "excluded_lines": 0}, "missing_lines": [1, 2, 4, 5, 8, 13, 23, 123, 127, 128, 130, 131], "excluded_lines": []}}, "classes": {"PoseExtractor": {"executed_lines": [], "summary": {"covered_lines": 0, "num_statements": 47, "percent_covered": 0.0, "percent_covered_display": "0", "missing_lines": 47, "excluded_lines": 0}, "missing_lines": [14, 15, 21, 41, 42, 43, 44, 46, 47, 49, 50, 52, 54, 55, 56, 57, 60, 61, 63, 64, 65, 66, 75, 79, 81, 82, 87, 88, 89, 91, 92, 93, 95, 96, 99, 107, 108, 110, 111, 113, 114, 115, 116, 117, 118, 119, 120], "excluded_lines": []}, "": {"executed_lines": [], "summary": {"covered_lines": 0, "num_statements": 12, "percent_covered": 0.0, "percent_covered_display": "0", "missing_lines": 12, "excluded_lines": 0}, "missing_lines": [1, 2, 4, 5, 8, 13, 23, 123, 127, 128, 130, 131], "excluded_lines": []}}}, "src/qa_evaluator/__init__.py": {"executed_lines": [0], "summary": {"covered_lines": 0, "num_statements": 0, "percent_covered": 100.0, "percent_covered_display": "100", "missing_lines": 0, "excluded_lines": 0}, 
[...]
s": 0, "percent_covered": 100.0, "percent_covered_display": "100", "missing_lines": 0, "excluded_lines": 0}, "missing_lines": [], "excluded_lines": []}}}, "src/simulation/human_error_layer.py": {"executed_lines": [1, 2, 3, 5, 6, 7, 8, 9, 10, 11, 13, 14, 16, 22, 23, 26, 27, 28, 29, 32, 33, 34, 35, 38, 39, 42, 43, 44, 50, 52, 55, 78], "summary": {"covered_lines": 32, "num_statements": 52, "percent_covered": 61.53846153846154, "percent_covered_display": "62", "missing_lines": 20, "excluded_lines": 0}, "missing_lines": [45, 46, 47, 49, 56, 57, 60, 61, 62, 63, 65, 67, 69, 70, 71, 72, 73, 74, 76, 79], "excluded_lines": [], "functions": {"HumanErrorLayer.__init__": {"executed_lines": [7, 8, 9, 10, 11, 13, 14], "summary": {"covered_lines": 7, "num_statements": 7, "percent_covered": 100.0, "percent_covered_display": "100", "missing_lines": 0, "excluded_lines": 0}, "missing_lines": [], "excluded_lines": []}, "HumanErrorLayer.apply_human_error": {"executed_lines": [22, 23, 26, 27, 28, 29, 32, 33, 34, 35, 38, 39, 42, 43, 44, 50, 52], "summary": {"covered_lines": 17, "num_statements": 21, "percent_covered": 80.95238095238095, "percent_covered_display": "81", "missing_lines": 4, "excluded_lines": 0}, "missing_lines": [45, 46, 47, 49], "excluded_lines": []}, "test_human_error_layer": {"executed_lines": [], "summary": {"covered_lines": 0, "num_statements": 15, "percent_covered": 0.0, "percent_covered_display": "0", "missing_lines": 15, "excluded_lines": 0}, "missing_lines": [56, 57, 60, 61, 62, 63, 65, 67, 69, 70, 71, 72, 73, 74, 76], "excluded_lines": []}, "": {"executed_lines": [1, 2, 3, 5, 6, 16, 55, 78], "summary": {"covered_lines": 8, "num_statements": 9, "percent_covered": 88.88888888888889, "percent_covered_display": "89", "missing_lines": 1, "excluded_lines": 0}, "missing_lines": [79], "excluded_lines": []}}, "classes": {"HumanErrorLayer": {"executed_lines": [7, 8, 9, 10, 11, 13, 14, 22, 23, 26, 27, 28, 29, 32, 33, 34, 35, 38, 39, 42, 43, 44, 50, 52], "summary": {"covered_lines": 24, "num_statements": 28, "percent_covered": 85.71428571428571, "percent_covered_display": "86", "missing_lines": 4, "excluded_lines": 0}, "missing_lines": [45, 46, 47, 49], "excluded_lines": []}, "": {"executed_lines": [1, 2, 3, 5, 6, 16, 55, 78], "summary": {"covered_lines": 8, "num_statements": 24, "percent_covered": 33.333333333333336, "percent_covered_display": "33", "missing_lines": 16, "excluded_lines": 0}, "missing_lines": [56, 57, 60, 61, 62, 63, 65, 67, 69, 70, 71, 72, 73, 74, 76, 79], "excluded_lines": []}}}, "src/simulation/mock_simulation_arena.py": {"executed_lines": [1, 2, 3, 4, 5, 6, 8, 9, 12, 13, 14, 16, 19, 31, 32, 33, 34, 36, 37, 38, 40, 43, 45, 46, 47, 50, 51, 52, 53, 56, 59, 64, 65, 68, 69, 73, 74, 78, 79, 80, 81, 82, 83, 85, 86, 95, 98, 99, 101, 102, 103, 105], "summary": {"covered_lines": 52, "num_statements": 74, "percent_covered": 70.27027027027027, "percent_covered_display": "70", "missing_lines": 22, "excluded_lines": 0}, "missing_lines": [20, 22, 23, 24, 25, 26, 27, 28, 29, 60, 61, 62, 70, 71, 75, 89, 90, 91, 92, 107, 108, 109], "excluded_lines": [], "functions": {"run_mock_simulation": {"executed_lines": [9, 12, 13, 14, 16, 19, 31, 32, 33, 34, 36, 37, 38, 40, 43, 45, 46, 47, 50, 51, 52, 53, 56, 59, 64, 65, 68, 69, 73, 74, 78, 79, 80, 81, 82, 83, 85, 86, 95, 98, 99, 101, 102, 103], "summary": {"covered_lines": 44, "num_statements": 63, "percent_covered": 69.84126984126983, "percent_covered_display": "70", "missing_lines": 19, "excluded_lines": 0}, "missing_lines": [20, 22, 23, 24, 25, 26, 27, 28, 29, 60, 61, 62, 70, 71, 75, 89, 90, 91, 92], "excluded_lines": []}, "": {"executed_lines": [1, 2, 3, 4, 5, 6, 8, 105], "summary": {"covered_lines": 8, "num_statements": 11, "percent_covered": 72.72727272727273, "percent_covered_display": "73", "missing_lines": 3, "excluded_lines": 0}, "missing_lines": [107, 108, 109], "excluded_lines": []}}, "classes": {"": {"executed_lines": [1, 2, 3, 4, 5, 6, 8, 9, 12, 13, 14, 16, 19, 31, 32, 33, 34, 36, 37, 38, 40, 43, 45, 46, 47, 50, 51, 52, 53, 56, 59, 64, 65, 68, 69, 73, 74, 78, 79, 80, 81, 82, 83, 85, 86, 95, 98, 99, 101, 102, 103, 105], "summary": {"covered_lines": 52, "num_statements": 74, "percent_covered": 70.27027027027027, "percent_covered_display": "70", "missing_lines": 22, "excluded_lines": 0}, "missing_lines": [20, 22, 23, 24, 25, 26, 27, 28, 29, 60, 61, 62, 70, 71, 75, 89, 90, 91, 92, 107, 108, 109], "excluded_lines": []}}}, "src/simulation/network_simulator.py": {"executed_lines": [1, 2, 3, 4, 6, 7, 8, 9, 10, 11, 13, 14, 16, 22, 24, 27, 29, 30, 31, 33, 35, 37, 40, 42, 45, 83], "summary": {"covered_lines": 26, "num_statements": 51, "percent_covered": 50.98039215686274, "percent_covered_display": "51", "missing_lines": 25, "excluded_lines": 0}, "missing_lines": [46, 47, 50, 51, 52, 54, 56, 58, 59, 60, 61, 64, 67, 68, 69, 70, 71, 73, 74, 75, 76, 77, 79, 81, 84], "excluded_lines": [], "functions": {"NetworkSimulator.__init__": {"executed_lines": [8, 9, 10, 11, 13, 14], "summary": {"covered_lines": 6, "num_statements": 6, "percent_covered": 100.0, "percent_covered_display": "100", "missing_lines": 0, "excluded_lines": 0}, "missing_lines": [], "excluded_lines": []}, "NetworkSimulator.simulate_network_conditions": {"executed_lines": [22, 24, 27, 29, 30, 31, 33, 35, 37, 40, 42], "summary": {"covered_lines": 11, "num_statements": 11, "percent_covered": 100.0, "percent_covered_display": "100", "missing_lines": 0, "excluded_lines": 0}, "missing_lines": [], "excluded_lines": []}, "test_network_simulator": {"executed_lines": [], "summary": {"covered_lines": 0, "num_statements": 24, "percent_covered": 0.0, "percent_covered_display": "0", "missing_lines": 24, "excluded_lines": 0}, "missing_lines": [46, 47, 50, 51, 52, 54, 56, 58, 59, 60, 61, 64, 67, 68, 69, 70, 71, 73, 74, 75, 76, 77, 79, 81], "excluded_lines": []}, "": {"executed_lines": [1, 2, 3, 4, 6, 7, 16, 45, 83], "summary": {"covered_lines": 9, "num_statements": 10, "percent_covered": 90.0, "percent_covered_display": "90", "missing_lines": 1, "excluded_lines": 0}, "missing_lines": [84], "excluded_lines": []}}, "classes": {"NetworkSimulator": {"executed_lines": [8, 9, 10, 11, 13, 14, 22, 24, 27, 29, 30, 31, 33, 35, 37, 40, 42], "summary": {"covered_lines": 17, "num_statements": 17, "percent_covered": 100.0, "percent_covered_display": "100", "missing_lines": 0, "excluded_lines": 0}, "missing_lines": [], "excluded_lines": []}, "": {"executed_lines": [1, 2, 3, 4, 6, 7, 16, 45, 83], "summary": {"covered_lines": 9, "num_statements": 34, "percent_covered": 26.470588235294116, "percent_covered_display": "26", "missing_lines": 25, "excluded_lines": 0}, "missing_lines": [46, 47, 50, 51, 52, 54, 56, 58, 59, 60, 61, 64, 67, 68, 69, 70, 71, 73, 74, 75, 76, 77, 79, 81, 84], "excluded_lines": []}}}, "src/simulation/simulation_manager.py": {"executed_lines": [], "summary": {"covered_lines": 0, "num_statements": 49, "percent_covered": 0.0, "percent_covered_display": "0", "missing_lines": 49, "excluded_lines": 0}, "missing_lines": [1, 2, 3, 4, 5, 7, 13, 14, 15, 16, 17, 18, 20, 21, 23, 24, 26, 28, 30, 31, 33, 37, 39, 43, 44, 45, 47, 48, 49, 51, 55, 56, 57, 58, 60, 64, 65, 66, 67, 71, 75, 76, 77, 78, 79, 80, 81, 82, 84], "excluded_lines": [], "functions": {"SimulationManager.__init__": {"executed_lines": [], "summary": {"covered_lines": 0, "num_statements": 7, "percent_covered": 0.0, "percent_covered_display": "0", "missing_lines": 7, "excluded_lines": 0}, "missing_lines": [14, 15, 16, 17, 18, 20, 21], "excluded_lines": []}, "SimulationManager.set_seed": {"executed_lines": [], "summary": {"covered_lines": 0, "num_statements": 5, "percent_covered": 0.0, "percent_covered_display": "0", "missing_lines": 5, "excluded_lines": 0}, "missing_lines": [24, 26, 28, 30, 31], "excluded_lines": []}, "SimulationManager.get_fixed_timestep": {"executed_lines": [], "summary": {"covered_lines": 0, "num_statements": 1, "percent_covered": 0.0, "percent_covered_display": "0", "missing_lines": 1, "excluded_lines": 0}, "missing_lines": [37], "excluded_lines": []}, "SimulationManager.wait_for_next_frame": {"executed_lines": [], "summary": {"covered_lines": 0, "num_statements": 6, "percent_covered": 0.0, "percent_covered_display": "0", "missing_lines": 6, "excluded_lines": 0}, "missing_lines": [43, 44, 45, 47, 48, 49], "excluded_lines": []}, "SimulationManager.start_logging": {"executed_lines": [], "summary": {"covered_lines": 0, "num_statements": 4, "percent_covered": 0.0, "percent_covered_display": "0", "missing_lines": 4, "excluded_lines": 0}, "missing_lines": [55, 56, 57, 58], "excluded_lines": []}, "SimulationManager.log_episode_data": {"executed_lines": [], "summary": {"covered_lines": 0, "num_statements": 4, "percent_covered": 0.0, "percent_covered_display": "0", "missing_lines": 4, "excluded_lines": 0}, "missing_lines": [64, 65, 66, 67], "excluded_lines": []}, "SimulationManager.save_logs": {"executed_lines": [], "summary": {"covered_lines": 0, "num_statements": 9, "percent_covered": 0.0, "percent_covered_display": "0", "missing_lines": 9, "excluded_lines": 0}, "missing_lines": [75, 76, 77, 78, 79, 80, 81, 82, 84], "excluded_lines": []}, "": {"executed_lines": [], "summary": {"covered_lines": 0, "num_statements": 13, "percent_covered": 0.0, "percent_covered_display": "0", "missing_lines": 13, "excluded_lines": 0}, "missing_lines": [1, 2, 3, 4, 5, 7, 13, 23, 33, 39, 51, 60, 71], "excluded_lines": []}}, "classes": {"SimulationManager": {"executed_lines": [], "summary": {"covered_lines": 0, "num_statements": 36, "percent_covered": 0.0, "percent_covered_display": "0", "missing_lines": 36, "excluded_lines": 0}, "missing_lines": [14, 15, 16, 17, 18, 20, 21, 24, 26, 28, 30, 31, 37, 43, 44, 45, 47, 48, 49, 55, 56, 57, 58, 64, 65, 66, 67, 75, 76, 77, 78, 79, 80, 81, 82, 84], "excluded_lines": []}, "": {"executed_lines": [], "summary": {"covered_lines": 0, "num_statements": 13, "percent_covered": 0.0, "percent_covered_display": "0", "missing_lines": 13, "excluded_lines": 0}, "missing_lines": [1, 2, 3, 4, 5, 7, 13, 23, 33, 39, 51, 60, 71], "excluded_lines": []}}}, "src/utils/__init__.py": {"executed_lines": [0], "summary": {"covered_lines": 0, "num_statements": 0, "percent_covered": 100.0, "percent_covered_display": "100", "missing_lines": 0, "excluded_lines": 0}, "missing_lines": [], "excluded_lines": [], "functions": {"": {"executed_lines": [], "summary": {"covered_lines": 0, "num_statements": 0, "percent_covered": 100.0, "percent_covered_display": "100", "missing_lines": 0, "excluded_lines": 0}, "missing_lines": [], "excluded_lines": []}}, "classes": {"": {"executed_lines": [], "summary": {"covered_lines": 0, "num_statements": 0, "percent_covered": 100.0, "percent_covered_display": "100", "missing_lines": 0, "excluded_lines": 0}, "missing_lines": [], "excluded_lines": []}}}, "src/utils/config_loader.py": {"executed_lines": [1, 2, 4, 5, 6, 7, 8, 9, 10, 18], "summary": {"covered_lines": 10, "num_statements": 20, "percent_covered": 50.0, "percent_covered_display": "50", "missing_lines": 10, "excluded_lines": 0}, "missing_lines": [11, 12, 13, 14, 15, 16, 19, 20, 21, 22], "excluded_lines": [], "functions": {"load_config": {"executed_lines": [5, 6, 7, 8, 9, 10], "summary": {"covered_lines": 6, "num_statements": 12, "percent_covered": 50.0, "percent_covered_display": "50", "missing_lines": 6, "excluded_lines": 0}, "missing_lines": [11, 12, 13, 14, 15, 16], "excluded_lines": []}, "": {"executed_lines": [1, 2, 4, 18], "summary": {"covered_lines": 4, "num_statements": 8, "percent_covered": 50.0, "percent_covered_display": "50", "missing_lines": 4, "excluded_lines": 0}, "missing_lines": [19, 20, 21, 22], "excluded_lines": []}}, "classes": {"": {"executed_lines": [1, 2, 4, 5, 6, 7, 8, 9, 10, 18], "summary": {"covered_lines": 10, "num_statements": 20, "percent_covered": 50.0, "percent_covered_display": "50", "missing_lines": 10, "excluded_lines": 0}, "missing_lines": [11, 12, 13, 14, 15, 16, 19, 20, 21, 22], "excluded_lines": []}}}, "src/utils/event_types.py": {"executed_lines": [4, 5, 6, 7, 10, 11, 12, 13], "summary": {"covered_lines": 8, "num_statements": 8, "percent_covered": 100.0, "percent_covered_display": "100", "missing_lines": 0, "excluded_lines": 0}, "missing_lines": [], "excluded_lines": [], "functions": {"": {"executed_lines": [4, 5, 6, 7, 10, 11, 12, 13], "summary": {"covered_lines": 8, "num_statements": 8, "percent_covered": 100.0, "percent_covered_display": "100", "missing_lines": 0, "excluded_lines": 0}, "missing_lines": [], "excluded_lines": []}}, "classes": {"": {"executed_lines": [4, 5, 6, 7, 10, 11, 12, 13], "summary": {"covered_lines": 8, "num_statements": 8, "percent_covered": 100.0, "percent_covered_display": "100", "missing_lines": 0, "excluded_lines": 0}, "missing_lines": [], "excluded_lines": []}}}, "src/webrtc_client.py": {"executed_lines": [], "summary": {"covered_lines": 0, "num_statements": 128, "percent_covered": 0.0, "percent_covered_display": "0", "missing_lines": 128, "excluded_lines": 0}, "missing_lines": [7, 8, 9, 10, 11, 13, 14, 15, 17, 18, 20, 23, 24, 30, 31, 32, 33, 34, 35, 36, 37, 39, 40, 41, 42, 45, 48, 49, 51, 52, 53, 54, 55, 56, 59, 62, 65, 66, 69, 70, 71, 72, 80, 81, 82, 83, 84, 85, 87, 88, 90, 91, 92, 94, 95, 96, 97, 98, 99, 100, 102, 103, 104, 105, 106, 107, 109, 110, 112, 113, 114, 117, 118, 119, 120, 121, 122, 123, 125, 127, 128, 129, 130, 131, 133, 136, 138, 139, 141, 149, 150, 152, 153, 154, 156, 157, 158, 159, 160, 161, 162, 163, 165, 166, 167, 169, 170, 173, 174, 177, 178, 180, 181, 182, 183, 185, 186, 187, 188, 189, 191, 192, 193, 194, 195, 197, 198, 199], "excluded_lines": [], "functions": {"WebRTCClient.__init__": {"executed_lines": [], "summary": {"covered_lines": 0, "num_statements": 8, "percent_covered": 0.0, "percent_covered_display": "0", "missing_lines": 8, "excluded_lines": 0}, "missing_lines": [30, 31, 32, 33, 34, 35, 36, 37], "excluded_lines": []}, "WebRTCClient.run": {"executed_lines": [], "summary": {"covered_lines": 0, "num_statements": 38, "percent_covered": 0.0, "percent_covered_display": "0", "missing_lines": 38, "excluded_lines": 0}, "missing_lines": [40, 41, 42, 45, 48, 49, 51, 52, 53, 54, 55, 56, 59, 62, 65, 66, 69, 70, 71, 72, 80, 81, 82, 83, 84, 85, 87, 88, 90, 91, 92, 94, 95, 96, 97, 98, 99, 100], "excluded_lines": []}, "WebRTCClient.connect": {"executed_lines": [], "summary": {"covered_lines": 0, "num_statements": 14, "percent_covered": 0.0, "percent_covered_display": "0", "missing_lines": 14, "excluded_lines": 0}, "missing_lines": [104, 109, 110, 112, 113, 114, 117, 118, 119, 120, 121, 122, 123, 125], "excluded_lines": []}, "WebRTCClient.connect.on_datachannel": {"executed_lines": [], "summary": {"covered_lines": 0, "num_statements": 3, "percent_covered": 0.0, "percent_covered_display": "0", "missing_lines": 3, "excluded_lines": 0}, "missing_lines": [105, 106, 107], "excluded_lines": []}, "WebRTCClient.handle_signaling": {"executed_lines": [], "summary": {"covered_lines": 0, "num_statements": 11, "percent_covered": 0.0, "percent_covered_display": "0", "missing_lines": 11, "excluded_lines": 0}, "missing_lines": [128, 129, 130, 131, 133, 136, 138, 139, 141, 149, 150], "excluded_lines": []}, "WebRTCClient._setup_channel_events": {"executed_lines": [], "summary": {"covered_lines": 0, "num_statements": 10, "percent_covered": 0.0, "percent_covered_display": "0", "missing_lines": 10, "excluded_lines": 0}, "missing_lines": [153, 154, 156, 157, 165, 166, 173, 174, 177, 178], "excluded_lines": []}, "WebRTCClient._setup_channel_events.on_message": {"executed_lines": [], "summary": {"covered_lines": 0, "num_statements": 6, "percent_covered": 0.0, "percent_covered_display": "0", "missing_lines": 6, "excluded_lines": 0}, "missing_lines": [158, 159, 160, 161, 162, 163], "excluded_lines": []}, "WebRTCClient._setup_channel_events.on_open": {"executed_lines": [], "summary": {"covered_lines": 0, "num_statements": 3, "percent_covered": 0.0, "percent_covered_display": "0", "missing_lines": 3, "excluded_lines": 0}, "missing_lines": [167, 169, 170], "excluded_lines": []}, "WebRTCClient._action_sender": {"executed_lines": [], "summary": {"covered_lines": 0, "num_statements": 13, "percent_covered": 0.0, "percent_covered_display": "0", "missing_lines": 13, "excluded_lines": 0}, "missing_lines": [181, 182, 183, 185, 186, 187, 188, 189, 191, 192, 193, 194, 195], "excluded_lines": []}, "WebRTCClient.close": {"executed_lines": [], "summary": {"covered_lines": 0, "num_statements": 2, "percent_covered": 0.0, "percent_covered_display": "0", "missing_lines": 2, "excluded_lines": 0}, "missing_lines": [198, 199], "excluded_lines": []}, "": {"executed_lines": [], "summary": {"covered_lines": 0, "num_statements": 20, "percent_covered": 0.0, "percent_covered_display": "0", "missing_lines": 20, "excluded_lines": 0}, "missing_lines": [7, 8, 9, 10, 11, 13, 14, 15, 17, 18, 20, 23, 24, 39, 102, 103, 127, 152, 180, 197], "excluded_lines": []}}, "classes": {"WebRTCClient": {"executed_lines": [], "summary": {"covered_lines": 0, "num_statements": 108, "percent_covered": 0.0, "percent_covered_display": "0", "missing_lines": 108, "excluded_lines": 0}, "missing_lines": [30, 31, 32, 33, 34, 35, 36, 37, 40, 41, 42, 45, 48, 49, 51, 52, 53, 54, 55, 56, 59, 62, 65, 66, 69, 70, 71, 72, 80, 81, 82, 83, 84, 85, 87, 88, 90, 91, 92, 94, 95, 96, 97, 98, 99, 100, 104, 105, 106, 107, 109, 110, 112, 113, 114, 117, 118, 119, 120, 121, 122, 123, 125, 128, 129, 130, 131, 133, 136, 138, 139, 141, 149, 150, 153, 154, 156, 157, 158, 159, 160, 161, 162, 163, 165, 166, 167, 169, 170, 173, 174, 177, 178, 181, 182, 183, 185, 186, 187, 188, 189, 191, 192, 193, 194, 195, 198, 199], "excluded_lines": []}, "": {"executed_lines": [], "summary": {"covered_lines": 0, "num_statements": 20, "percent_covered": 0.0, "percent_covered_display": "0", "missing_lines": 20, "excluded_lines": 0}, "missing_lines": [7, 8, 9, 10, 11, 13, 14, 15, 17, 18, 20, 23, 24, 39, 102, 103, 127, 152, 180, 197], "excluded_lines": []}}}, "src/wrappers.py": {"executed_lines": [], "summary": {"covered_lines": 0, "num_statements": 12, "percent_covered": 0.0, "percent_covered_display": "0", "missing_lines": 12, "excluded_lines": 0}, "missing_lines": [1, 2, 3, 5, 10, 11, 12, 16, 18, 23, 25, 30], "excluded_lines": [], "functions": {"FlattenActionSpaceWrapper.__init__": {"executed_lines": [], "summary": {"covered_lines": 0, "num_statements": 3, "percent_covered": 0.0, "percent_covered_display": "0", "missing_lines": 3, "excluded_lines": 0}, "missing_lines": [11, 12, 16], "excluded_lines": []}, "FlattenActionSpaceWrapper.action": {"executed_lines": [], "summary": {"covered_lines": 0, "num_statements": 1, "percent_covered": 0.0, "percent_covered_display": "0", "missing_lines": 1, "excluded_lines": 0}, "missing_lines": [23], "excluded_lines": []}, "FlattenActionSpaceWrapper.reverse_action": {"executed_lines": [], "summary": {"covered_lines": 0, "num_statements": 1, "percent_covered": 0.0, "percent_covered_display": "0", "missing_lines": 1, "excluded_lines": 0}, "missing_lines": [30], "excluded_lines": []}, "": {"executed_lines": [], "summary": {"covered_lines": 0, "num_statements": 7, "percent_covered": 0.0, "percent_covered_display": "0", "missing_lines": 7, "excluded_lines": 0}, "missing_lines": [1, 2, 3, 5, 10, 18, 25], "excluded_lines": []}}, "classes": {"FlattenActionSpaceWrapper": {"executed_lines": [], "summary": {"covered_lines": 0, "num_statements": 5, "percent_covered": 0.0, "percent_covered_display": "0", "missing_lines": 5, "excluded_lines": 0}, "missing_lines": [11, 12, 16, 23, 30], "excluded_lines": []}, "": {"executed_lines": [], "summary": {"covered_lines": 0, "num_statements": 7, "percent_covered": 0.0, "percent_covered_display": "0", "missing_lines": 7, "excluded_lines": 0}, "missing_lines": [1, 2, 3, 5, 10, 18, 25], "excluded_lines": []}}}}, "totals": {"covered_lines": 860, "num_statements": 2813, "percent_covered": 30.572342694632066, "percent_covered_display": "31", "missing_lines": 1953, "excluded_lines": 0}}